2025-12-09 13:53:01,987 [INFO] Activator:176 - 


2025-12-09 13:53:01,991 [INFO] Activator:177 - !SESSION log4j initialized
2025-12-09 13:53:14,361 [INFO] LogOutputStream:77 - [STDOUT_REDIRECT] 
2025-12-09 13:53:16,259 [INFO] ApplicationProperties:184 - Using Application install path: D:\Application\CubeIDE\STM32CubeIDE_1.18.1\STM32CubeIDE\plugins\com.st.stm32cube.common.mx_6.14.1.202504091515
2025-12-09 13:53:16,281 [INFO] DbMcusXml:78 - Set database path to: D:\Application\CubeIDE\STM32CubeIDE_1.18.1\STM32CubeIDE\plugins\com.st.stm32cube.common.mx_6.14.1.202504091515\\db\/mcu/
2025-12-09 13:53:16,281 [INFO] ApiDb:274 - Set plugin database path to: D:\Application\CubeIDE\STM32CubeIDE_1.18.1\STM32CubeIDE\plugins\com.st.stm32cube.common.mx_6.14.1.202504091515\\db\/plugins/boardmanager/
2025-12-09 13:53:16,282 [WARN] ApiDb:259 - Overriding images path with different value:  => D:\Application\CubeIDE\STM32CubeIDE_1.18.1\STM32CubeIDE\plugins\com.st.stm32cube.common.mx_6.14.1.202504091515\\db\/plugins/mcufinder/images/
2025-12-09 13:53:16,293 [INFO] ApiDb:250 - Set database path to: C:\Users\HP\.stmcufinder\plugins\mcufinder//mcu/
2025-12-09 13:53:16,294 [INFO] DbMcusAds:125 - Set database path to: C:\Users\HP\.stmcufinder\plugins\mcufinder//mcu/
2025-12-09 13:53:16,296 [INFO] CrossReferenceDbSqlite:203 - Set database path to: C:\Users\HP\.stmcufinder\plugins\mcufinder//mcu/cs/
2025-12-09 13:53:16,400 [INFO] RulesReader:64 - Compatibility file has been processed (302 Rules)
2025-12-09 13:53:16,519 [INFO] DbMcusXml:78 - Set database path to: D:\Application\CubeIDE\STM32CubeIDE_1.18.1\STM32CubeIDE\plugins\com.st.stm32cube.common.mx_6.14.1.202504091515\\db\/mcu/
2025-12-09 13:53:16,519 [INFO] ApiDb:274 - Set plugin database path to: D:\Application\CubeIDE\STM32CubeIDE_1.18.1\STM32CubeIDE\plugins\com.st.stm32cube.common.mx_6.14.1.202504091515\\db\/plugins/boardmanager/
2025-12-09 13:53:16,520 [INFO] ApiDb:261 - Set plugin images path to: D:\Application\CubeIDE\STM32CubeIDE_1.18.1\STM32CubeIDE\plugins\com.st.stm32cube.common.mx_6.14.1.202504091515\\db\/plugins/mcufinder/images/
2025-12-09 13:53:16,520 [WARN] DbFile:41 - Overriding database path with different value: C:\Users\HP\.stmcufinder\plugins\mcufinder/ => C:\Users\HP\.stmcufinder\plugins\mcufinder
2025-12-09 13:53:16,520 [INFO] ApiDb:250 - Set database path to: C:\Users\HP\.stmcufinder\plugins\mcufinder//mcu/
2025-12-09 13:53:16,520 [WARN] DbFile:41 - Overriding database path with different value: C:\Users\HP\.stmcufinder\plugins\mcufinder/ => C:\Users\HP\.stmcufinder\plugins\mcufinder
2025-12-09 13:53:16,520 [INFO] DbMcusAds:125 - Set database path to: C:\Users\HP\.stmcufinder\plugins\mcufinder//mcu/
2025-12-09 13:53:16,520 [WARN] DbFile:41 - Overriding database path with different value: C:\Users\HP\.stmcufinder\plugins\mcufinder/ => C:\Users\HP\.stmcufinder\plugins\mcufinder
2025-12-09 13:53:16,520 [WARN] DbFile:41 - Overriding database path with different value: C:\Users\HP\.stmcufinder\plugins\mcufinder/ => C:\Users\HP\.stmcufinder\plugins\mcufinder
2025-12-09 13:53:16,520 [INFO] CrossReferenceDbSqlite:203 - Set database path to: C:\Users\HP\.stmcufinder\plugins\mcufinder//mcu/cs/
2025-12-09 13:53:16,630 [INFO] MainPanel:272 - HeapMemory: 268435456
2025-12-09 13:53:16,747 [INFO] DbMcusXml:78 - Set database path to: D:\Application\CubeIDE\STM32CubeIDE_1.18.1\STM32CubeIDE\plugins\com.st.stm32cube.common.mx_6.14.1.202504091515\\db\/mcu/
2025-12-09 13:53:16,747 [INFO] ApiDb:274 - Set plugin database path to: D:\Application\CubeIDE\STM32CubeIDE_1.18.1\STM32CubeIDE\plugins\com.st.stm32cube.common.mx_6.14.1.202504091515\\db\/plugins/boardmanager/
2025-12-09 13:53:16,747 [INFO] ApiDb:261 - Set plugin images path to: D:\Application\CubeIDE\STM32CubeIDE_1.18.1\STM32CubeIDE\plugins\com.st.stm32cube.common.mx_6.14.1.202504091515\\db\/plugins/mcufinder/images/
2025-12-09 13:53:16,748 [WARN] DbFile:41 - Overriding database path with different value: C:\Users\HP\.stmcufinder\plugins\mcufinder/ => C:\Users\HP\.stmcufinder\plugins\mcufinder
2025-12-09 13:53:16,748 [INFO] ApiDb:250 - Set database path to: C:\Users\HP\.stmcufinder\plugins\mcufinder//mcu/
2025-12-09 13:53:16,748 [WARN] DbFile:41 - Overriding database path with different value: C:\Users\HP\.stmcufinder\plugins\mcufinder/ => C:\Users\HP\.stmcufinder\plugins\mcufinder
2025-12-09 13:53:16,748 [INFO] DbMcusAds:125 - Set database path to: C:\Users\HP\.stmcufinder\plugins\mcufinder//mcu/
2025-12-09 13:53:16,748 [WARN] DbFile:41 - Overriding database path with different value: C:\Users\HP\.stmcufinder\plugins\mcufinder/ => C:\Users\HP\.stmcufinder\plugins\mcufinder
2025-12-09 13:53:16,748 [WARN] DbFile:41 - Overriding database path with different value: C:\Users\HP\.stmcufinder\plugins\mcufinder/ => C:\Users\HP\.stmcufinder\plugins\mcufinder
2025-12-09 13:53:16,748 [INFO] CrossReferenceDbSqlite:203 - Set database path to: C:\Users\HP\.stmcufinder\plugins\mcufinder//mcu/cs/
2025-12-09 13:53:16,770 [INFO] ApplicationProperties:184 - Using Application install path: D:\Application\CubeIDE\STM32CubeIDE_1.18.1\STM32CubeIDE\plugins\com.st.stm32cube.common.mx_6.14.1.202504091515
2025-12-09 13:53:16,771 [INFO] PluginManage:196 - Search for loadable plugins [exclusion list=, ]
2025-12-09 13:53:16,773 [INFO] PluginManage:310 - Check plugin analytics
2025-12-09 13:53:16,972 [INFO] AnalyticsPlugin:253 - Accepted Software Licenses: 
2025-12-09 13:53:16,972 [INFO] AnalyticsPlugin:255 - Accepted CMSIS Pack Licenses: 
2025-12-09 13:53:16,972 [INFO] AnalyticsPlugin:257 - Accepted Firmware Licenses: FW.G4.1.6.0
2025-12-09 13:53:16,975 [INFO] PluginManage:359 - Loaded plugin analytics (category:tool,tabindex:-1)
2025-12-09 13:53:16,976 [INFO] PluginManage:310 - Check plugin cadmodel
2025-12-09 13:53:16,983 [INFO] CADModel:105 - Init CAD model plugin
2025-12-09 13:53:16,984 [INFO] PluginManage:359 - Loaded plugin cadmodel (category:power,tabindex:5)
2025-12-09 13:53:16,984 [INFO] PluginManage:310 - Check plugin clock
2025-12-09 13:53:16,998 [INFO] PluginManage:359 - Loaded plugin clock (category:base,tabindex:2)
2025-12-09 13:53:16,998 [INFO] PluginManage:310 - Check plugin ddr
2025-12-09 13:53:17,001 [INFO] PluginManage:359 - Loaded plugin ddr (category:tool,tabindex:6)
2025-12-09 13:53:17,001 [INFO] PluginManage:310 - Check plugin filemanager
2025-12-09 13:53:17,178 [INFO] PluginManage:359 - Loaded plugin filemanager (category:base,tabindex:10)
2025-12-09 13:53:17,178 [INFO] PluginManage:310 - Check plugin ipmanager
2025-12-09 13:53:17,190 [INFO] PluginManage:359 - Loaded plugin ipmanager (category:base,tabindex:5)
2025-12-09 13:53:17,190 [INFO] PluginManage:310 - Check plugin lpbam
2025-12-09 13:53:17,199 [INFO] PluginManage:359 - Loaded plugin lpbam (category:base,tabindex:0)
2025-12-09 13:53:17,199 [INFO] PluginManage:310 - Check plugin memorymap
2025-12-09 13:53:17,217 [INFO] PluginManage:359 - Loaded plugin memorymap (category:base,tabindex:4)
2025-12-09 13:53:17,219 [INFO] PluginManage:310 - Check plugin pinoutandconfiguration
2025-12-09 13:53:17,231 [INFO] PluginManage:359 - Loaded plugin pinoutandconfiguration (category:base,tabindex:1)
2025-12-09 13:53:17,231 [INFO] PluginManage:310 - Check plugin pinoutconfig
2025-12-09 13:53:17,356 [WARN] SupportedApi:132 - Cannot load RTOS API schema: s4s-elt-must-match.1: The content of 'definitions' must match (annotation?, (simpleType | complexType)?, (unique | key | keyref)*)). A problem was found starting at: attribute.
2025-12-09 13:53:17,516 [INFO] PluginManage:359 - Loaded plugin pinoutconfig (category:base,tabindex:0)
2025-12-09 13:53:17,516 [INFO] PluginManage:310 - Check plugin power
2025-12-09 13:53:17,525 [INFO] PluginManage:359 - Loaded plugin power (category:power,tabindex:4)
2025-12-09 13:53:17,525 [INFO] PluginManage:310 - Check plugin projectmanager
2025-12-09 13:53:17,540 [INFO] PluginManage:359 - Loaded plugin projectmanager (category:projectmanager,tabindex:4)
2025-12-09 13:53:17,540 [INFO] PluginManage:310 - Check plugin rif
2025-12-09 13:53:17,548 [INFO] PluginManage:359 - Loaded plugin rif (category:base,tabindex:3)
2025-12-09 13:53:17,548 [INFO] PluginManage:310 - Check plugin thirdparty
2025-12-09 13:53:17,695 [INFO] PluginManage:359 - Loaded plugin thirdparty (category:base,tabindex:-1)
2025-12-09 13:53:17,695 [WARN] IntegrityCheckThread:84 - waiting for thirdparty lock release [integrity check]
2025-12-09 13:53:17,696 [INFO] PluginManage:310 - Check plugin tools
2025-12-09 13:53:17,696 [INFO] IntegrityCheckThread:86 - entering critical section [integrity check]
2025-12-09 13:53:17,696 [INFO] ThirdPartyUpdaterWithRetryManager:70 - Updater plugin not ready yet. [1/15]
2025-12-09 13:53:17,700 [INFO] PluginManage:359 - Loaded plugin tools (category:base,tabindex:7)
2025-12-09 13:53:17,700 [INFO] PluginManage:310 - Check plugin tutovideos
2025-12-09 13:53:17,891 [INFO] PluginManage:359 - Loaded plugin tutovideos (category:base,tabindex:-1)
2025-12-09 13:53:17,892 [INFO] PluginManage:310 - Check plugin updater
2025-12-09 13:53:17,915 [INFO] PluginManage:359 - Loaded plugin updater (category:base,tabindex:12)
2025-12-09 13:53:17,916 [INFO] PluginManage:310 - Check plugin userauth
2025-12-09 13:53:17,920 [INFO] UserAuth:118 - Init User Auth plugin
2025-12-09 13:53:17,922 [INFO] PluginManage:359 - Loaded plugin userauth (category:base,tabindex:14)
2025-12-09 13:53:17,922 [INFO] PluginManage:283 - PluginManage : Loaded plugins [18]
2025-12-09 13:53:18,212 [INFO] PinOutPanel:1589 - setPackage(No Configuration,No Configuration)
2025-12-09 13:53:18,344 [INFO] CADModel:165 - CPN selected for project level
2025-12-09 13:53:18,344 [INFO] CADModel:114 - Register for checkConnection events
2025-12-09 13:53:18,367 [INFO] IPUIPlugin:80 - create IPUIPlugin
2025-12-09 13:53:18,367 [INFO] PluginManager:220 - loadIPPluginJar : add adc
2025-12-09 13:53:18,371 [INFO] IPUIPlugin:80 - create IPUIPlugin
2025-12-09 13:53:18,371 [INFO] PluginManager:220 - loadIPPluginJar : add aes
2025-12-09 13:53:18,374 [INFO] IPUIPlugin:80 - create IPUIPlugin
2025-12-09 13:53:18,374 [INFO] PluginManager:220 - loadIPPluginJar : add can
2025-12-09 13:53:18,376 [INFO] IPUIPlugin:80 - create IPUIPlugin
2025-12-09 13:53:18,377 [INFO] PluginManager:220 - loadIPPluginJar : add comp
2025-12-09 13:53:18,380 [INFO] IPUIPlugin:80 - create IPUIPlugin
2025-12-09 13:53:18,380 [INFO] PluginManager:220 - loadIPPluginJar : add cryp
2025-12-09 13:53:18,383 [INFO] IPUIPlugin:80 - create IPUIPlugin
2025-12-09 13:53:18,383 [INFO] PluginManager:220 - loadIPPluginJar : add ddr_ctrl_phy
2025-12-09 13:53:18,386 [INFO] IPUIPlugin:80 - create IPUIPlugin
2025-12-09 13:53:18,386 [INFO] PluginManager:220 - loadIPPluginJar : add dfsdm
2025-12-09 13:53:18,392 [INFO] IPUIPlugin:80 - create IPUIPlugin
2025-12-09 13:53:18,393 [INFO] PluginManager:220 - loadIPPluginJar : add dma
2025-12-09 13:53:18,396 [INFO] IPUIPlugin:80 - create IPUIPlugin
2025-12-09 13:53:18,396 [INFO] PluginManager:220 - loadIPPluginJar : add dma3
2025-12-09 13:53:18,400 [INFO] IPUIPlugin:80 - create IPUIPlugin
2025-12-09 13:53:18,400 [INFO] PluginManager:220 - loadIPPluginJar : add extmemmanager
2025-12-09 13:53:18,402 [INFO] IPUIPlugin:80 - create IPUIPlugin
2025-12-09 13:53:18,402 [INFO] PluginManager:220 - loadIPPluginJar : add fatfs
2025-12-09 13:53:18,407 [INFO] IPUIPlugin:80 - create IPUIPlugin
2025-12-09 13:53:18,407 [INFO] PluginManager:220 - loadIPPluginJar : add fmc
2025-12-09 13:53:18,414 [INFO] IPUIPlugin:80 - create IPUIPlugin
2025-12-09 13:53:18,415 [INFO] PluginManager:220 - loadIPPluginJar : add freertos
2025-12-09 13:53:18,416 [INFO] IPUIPlugin:80 - create IPUIPlugin
2025-12-09 13:53:18,417 [INFO] PluginManager:220 - loadIPPluginJar : add genericplugin
2025-12-09 13:53:18,419 [INFO] IPUIPlugin:80 - create IPUIPlugin
2025-12-09 13:53:18,420 [INFO] PluginManager:220 - loadIPPluginJar : add gfxmmu
2025-12-09 13:53:18,426 [INFO] IPUIPlugin:80 - create IPUIPlugin
2025-12-09 13:53:18,426 [INFO] PluginManager:220 - loadIPPluginJar : add gic
2025-12-09 13:53:18,430 [INFO] IPUIPlugin:80 - create IPUIPlugin
2025-12-09 13:53:18,430 [INFO] PluginManager:220 - loadIPPluginJar : add gpio
2025-12-09 13:53:18,433 [INFO] IPUIPlugin:80 - create IPUIPlugin
2025-12-09 13:53:18,433 [INFO] PluginManager:220 - loadIPPluginJar : add gtzc
2025-12-09 13:53:18,436 [INFO] IPUIPlugin:80 - create IPUIPlugin
2025-12-09 13:53:18,436 [INFO] PluginManager:220 - loadIPPluginJar : add hash
2025-12-09 13:53:18,439 [INFO] IPUIPlugin:80 - create IPUIPlugin
2025-12-09 13:53:18,439 [INFO] PluginManager:220 - loadIPPluginJar : add i2c
2025-12-09 13:53:18,442 [INFO] IPUIPlugin:80 - create IPUIPlugin
2025-12-09 13:53:18,442 [INFO] PluginManager:220 - loadIPPluginJar : add i2s
2025-12-09 13:53:18,446 [INFO] IPUIPlugin:80 - create IPUIPlugin
2025-12-09 13:53:18,446 [INFO] PluginManager:220 - loadIPPluginJar : add i3c
2025-12-09 13:53:18,449 [INFO] IPUIPlugin:80 - create IPUIPlugin
2025-12-09 13:53:18,449 [INFO] PluginManager:220 - loadIPPluginJar : add ipddr
2025-12-09 13:53:18,456 [INFO] IPUIPlugin:80 - create IPUIPlugin
2025-12-09 13:53:18,456 [INFO] PluginManager:220 - loadIPPluginJar : add linkedlist
2025-12-09 13:53:18,460 [INFO] IPUIPlugin:80 - create IPUIPlugin
2025-12-09 13:53:18,461 [INFO] PluginManager:220 - loadIPPluginJar : add lorawan
2025-12-09 13:53:18,463 [INFO] IPUIPlugin:80 - create IPUIPlugin
2025-12-09 13:53:18,463 [INFO] PluginManager:220 - loadIPPluginJar : add ltdc
2025-12-09 13:53:18,469 [INFO] IPUIPlugin:80 - create IPUIPlugin
2025-12-09 13:53:18,470 [INFO] PluginManager:220 - loadIPPluginJar : add mdma
2025-12-09 13:53:18,475 [INFO] IPUIPlugin:80 - create IPUIPlugin
2025-12-09 13:53:18,475 [INFO] PluginManager:220 - loadIPPluginJar : add nvic
2025-12-09 13:53:18,479 [INFO] IPUIPlugin:80 - create IPUIPlugin
2025-12-09 13:53:18,479 [INFO] PluginManager:220 - loadIPPluginJar : add opamp
2025-12-09 13:53:18,483 [INFO] IPUIPlugin:80 - create IPUIPlugin
2025-12-09 13:53:18,483 [INFO] PluginManager:220 - loadIPPluginJar : add openamp
2025-12-09 13:53:18,487 [INFO] IPUIPlugin:80 - create IPUIPlugin
2025-12-09 13:53:18,487 [INFO] PluginManager:220 - loadIPPluginJar : add pdm2pcm
2025-12-09 13:53:18,494 [INFO] IPUIPlugin:80 - create IPUIPlugin
2025-12-09 13:53:18,496 [INFO] PluginManager:220 - loadIPPluginJar : add plateformsettings
2025-12-09 13:53:18,499 [INFO] IPUIPlugin:80 - create IPUIPlugin
2025-12-09 13:53:18,499 [INFO] PluginManager:220 - loadIPPluginJar : add quadspi
2025-12-09 13:53:18,501 [INFO] IPUIPlugin:80 - create IPUIPlugin
2025-12-09 13:53:18,502 [INFO] PluginManager:220 - loadIPPluginJar : add radio
2025-12-09 13:53:18,506 [INFO] IPUIPlugin:80 - create IPUIPlugin
2025-12-09 13:53:18,506 [INFO] PluginManager:220 - loadIPPluginJar : add resmgrutility
2025-12-09 13:53:18,510 [INFO] IPUIPlugin:80 - create IPUIPlugin
2025-12-09 13:53:18,510 [INFO] PluginManager:220 - loadIPPluginJar : add sai
2025-12-09 13:53:18,513 [INFO] IPUIPlugin:80 - create IPUIPlugin
2025-12-09 13:53:18,513 [INFO] PluginManager:220 - loadIPPluginJar : add spi
2025-12-09 13:53:18,519 [INFO] IPUIPlugin:80 - create IPUIPlugin
2025-12-09 13:53:18,519 [INFO] PluginManager:220 - loadIPPluginJar : add stm32_wpan
2025-12-09 13:53:18,522 [INFO] IPUIPlugin:80 - create IPUIPlugin
2025-12-09 13:53:18,522 [INFO] PluginManager:220 - loadIPPluginJar : add tim
2025-12-09 13:53:18,526 [INFO] IPUIPlugin:80 - create IPUIPlugin
2025-12-09 13:53:18,527 [INFO] PluginManager:220 - loadIPPluginJar : add touchsensing
2025-12-09 13:53:18,530 [INFO] IPUIPlugin:80 - create IPUIPlugin
2025-12-09 13:53:18,530 [INFO] PluginManager:220 - loadIPPluginJar : add tracer_emb
2025-12-09 13:53:18,532 [INFO] IPUIPlugin:80 - create IPUIPlugin
2025-12-09 13:53:18,532 [INFO] PluginManager:220 - loadIPPluginJar : add ts
2025-12-09 13:53:18,534 [INFO] IPUIPlugin:80 - create IPUIPlugin
2025-12-09 13:53:18,535 [INFO] PluginManager:220 - loadIPPluginJar : add tsc
2025-12-09 13:53:18,537 [INFO] IPUIPlugin:80 - create IPUIPlugin
2025-12-09 13:53:18,537 [INFO] PluginManager:220 - loadIPPluginJar : add ucpd
2025-12-09 13:53:18,541 [INFO] IPUIPlugin:80 - create IPUIPlugin
2025-12-09 13:53:18,541 [INFO] PluginManager:220 - loadIPPluginJar : add usart
2025-12-09 13:53:18,545 [INFO] IPUIPlugin:80 - create IPUIPlugin
2025-12-09 13:53:18,546 [INFO] PluginManager:220 - loadIPPluginJar : add usbx
2025-12-09 13:53:18,695 [FATAL] Updater:351 - Updater called before beeing initialized
2025-12-09 13:53:18,721 [INFO] RulesReader:64 - Compatibility file has been processed (302 Rules)
2025-12-09 13:53:18,731 [INFO] RulesReader:64 - Compatibility file has been processed (302 Rules)
2025-12-09 13:53:18,742 [INFO] CADModel:165 - CPN selected for project level
2025-12-09 13:53:18,742 [INFO] CADModel:114 - Register for checkConnection events
2025-12-09 13:53:18,742 [FATAL] Updater:351 - Updater called before beeing initialized
2025-12-09 13:53:18,742 [ERROR] CADModel:125 - Updater not yet initialized, retry later 
2025-12-09 13:53:18,957 [FATAL] Updater:351 - Updater called before beeing initialized
2025-12-09 13:53:18,961 [INFO] CADModel:165 - CPN selected for project level
2025-12-09 13:53:18,961 [INFO] CADModel:114 - Register for checkConnection events
2025-12-09 13:53:18,961 [FATAL] Updater:351 - Updater called before beeing initialized
2025-12-09 13:53:18,962 [ERROR] CADModel:125 - Updater not yet initialized, retry later 
2025-12-09 13:53:18,969 [FATAL] Updater:351 - Updater called before beeing initialized
2025-12-09 13:53:19,222 [FATAL] Updater:351 - Updater called before beeing initialized
2025-12-09 13:53:19,228 [INFO] DbMcusAds:53 - JSON generation date=Tue Jul 08 11:14:23 MSK 2025 (1751962463593)
2025-12-09 13:53:19,228 [FATAL] Updater:351 - Updater called before beeing initialized
2025-12-09 13:53:19,441 [WARN] DetailPanel:346 - Failed to get advertising image, set to default
2025-12-09 13:53:19,719 [FATAL] Updater:351 - Updater called before beeing initialized
2025-12-09 13:53:19,723 [FATAL] Updater:351 - Updater called before beeing initialized
2025-12-09 13:53:19,723 [FATAL] Updater:351 - Updater called before beeing initialized
2025-12-09 13:53:19,724 [WARN] DetailPanel:346 - Failed to get advertising image, set to default
2025-12-09 13:53:19,725 [FATAL] Updater:351 - Updater called before beeing initialized
2025-12-09 13:53:19,794 [ERROR] Updater:1198 - MainUpdater not yet initialized. External WinMGr cannot be set.
2025-12-09 13:53:19,796 [INFO] Updater:1134 - Updater Version found : 6.14.1
2025-12-09 13:53:19,822 [INFO] ApplicationProperties:184 - Using Application install path: D:\Application\CubeIDE\STM32CubeIDE_1.18.1\STM32CubeIDE\plugins\com.st.stm32cube.common.mx_6.14.1.202504091515
2025-12-09 13:53:20,389 [ERROR] CheckConnectionManager:249 - Problem, Http access forbiden
2025-12-09 13:53:20,393 [INFO] MainUpdater:2872 - connection check result : 22
2025-12-09 13:53:20,394 [INFO] MainUpdater:289 - Updater Check For Update Now.
2025-12-09 13:53:20,394 [INFO] MicroXplorer:498 - Change Database Version : DB.6.0.141
2025-12-09 13:53:20,405 [INFO] McuFinderGlobals:63 - Set McuFinder mode to 2 (CubeIDE integrated)
2025-12-09 13:53:20,406 [INFO] UserAuth:171 - activating auth plugin
2025-12-09 13:53:20,410 [INFO] UserAuth:484 - Internet connection configuration mode: 2
2025-12-09 13:53:20,436 [INFO] UserAuth:484 - Internet connection configuration mode: 2
2025-12-09 13:53:20,578 [INFO] CheckServerUpdateThread:120 - End of CheckServer Thread
2025-12-09 13:53:21,947 [WARN] PackLoader:240 - Cannot read IP mode file for STMicroelectronics.FP-SNS-MOTENVWB1.1.4.0
2025-12-09 13:53:22,008 [WARN] PackLoader:240 - Cannot read IP mode file for STMicroelectronics.FP-ATR-ASTRA1.2.0.2
2025-12-09 13:53:22,063 [WARN] PackLoader:240 - Cannot read IP mode file for STMicroelectronics.X-CUBE-SMBUS.2.1.0
2025-12-09 13:53:22,126 [WARN] PackLoader:240 - Cannot read IP mode file for STMicroelectronics.X-CUBE-WB05N.1.1.0
2025-12-09 13:53:22,404 [WARN] PackLoader:240 - Cannot read IP mode file for STMicroelectronics.X-CUBE-AZRTOS-F7.1.1.0
2025-12-09 13:53:22,704 [WARN] PackLoader:240 - Cannot read IP mode file for Infineon.AIROC-Wi-Fi-Bluetooth-STM32.1.7.0
2025-12-09 13:53:23,027 [WARN] PackLoader:240 - Cannot read IP mode file for STMicroelectronics.X-CUBE-AZRTOS-H7.3.4.0
2025-12-09 13:53:23,139 [WARN] PackLoader:240 - Cannot read IP mode file for STMicroelectronics.X-CUBE-DISPLAY.3.0.0
2025-12-09 13:53:23,259 [WARN] PackLoader:240 - Cannot read IP mode file for STMicroelectronics.X-CUBE-NFC10.1.0.0
2025-12-09 13:53:23,369 [WARN] PackLoader:240 - Cannot read IP mode file for STMicroelectronics.X-CUBE-BLEMGR.4.0.0
2025-12-09 13:53:23,437 [WARN] PackLoader:240 - Cannot read IP mode file for STMicroelectronics.X-CUBE-ST60.1.1.0
2025-12-09 13:53:23,503 [WARN] PackLoader:240 - Cannot read IP mode file for emotas.I-CUBE-CANOPEN.1.3.0
2025-12-09 13:53:23,546 [WARN] ConditionMgr:438 - getConditionDescription Invalid condition id : Cortex-A Device cause : null
2025-12-09 13:53:23,715 [WARN] ConditionMgr:1044 - genDependencies : Invalid condition id : Cortex-A Device cause : null
2025-12-09 13:53:23,718 [WARN] ConditionMgr:1044 - genDependencies : Invalid condition id : Cortex-A Device cause : null
2025-12-09 13:53:23,720 [WARN] ConditionMgr:1044 - genDependencies : Invalid condition id : Cortex-A Device cause : null
2025-12-09 13:53:23,781 [WARN] PackLoader:240 - Cannot read IP mode file for STMicroelectronics.X-CUBE-AI.10.0.0
2025-12-09 13:53:23,837 [ERROR] Engine:466 - C:\Users\HP\.stm32cubemx\thirdparties\pdsc\STMicroelectronics.FP-SNS-STBOX1.2.1.0.pdsc: PDSC version is not supported
2025-12-09 13:53:23,874 [WARN] PackLoader:240 - Cannot read IP mode file for STMicroelectronics.FP-SNS-SMARTAG2.1.2.0
2025-12-09 13:53:23,921 [WARN] PackLoader:240 - Cannot read IP mode file for STMicroelectronics.FP-SNS-FLIGHT1.5.1.0
2025-12-09 13:53:24,649 [WARN] PackLoader:240 - Cannot read IP mode file for STMicroelectronics.X-CUBE-MEMS1.11.1.0
2025-12-09 13:53:25,894 [INFO] LogOutputStream:77 - [STDOUT_REDIRECT] 1 : Invalid condition id : UX_CORESTACK_Condition cause : null
2025-12-09 13:53:25,895 [INFO] LogOutputStream:77 - [STDOUT_REDIRECT] 1 : Invalid condition id : UX_CORESTACK_Condition cause : null
2025-12-09 13:53:25,897 [INFO] LogOutputStream:77 - [STDOUT_REDIRECT] 1 : Invalid condition id : UX_CORESTACK_Condition cause : null
2025-12-09 13:53:25,898 [INFO] LogOutputStream:77 - [STDOUT_REDIRECT] 1 : Invalid condition id : UX_CORESTACK_Condition cause : null
2025-12-09 13:53:25,900 [INFO] LogOutputStream:77 - [STDOUT_REDIRECT] 1 : Invalid condition id : UX_CORESTACK_Condition cause : null
2025-12-09 13:53:25,903 [WARN] PackLoader:240 - Cannot read IP mode file for STMicroelectronics.X-CUBE-AZRTOS-WL.2.0.0
2025-12-09 13:53:25,910 [WARN] PackLoader:240 - Cannot read IP mode file for STMicroelectronics.FP-SNS-MOTENV1.5.0.0
2025-12-09 13:53:25,920 [WARN] PackLoader:240 - Cannot read IP mode file for WES.I-CUBE-Cesium.1.3.0
2025-12-09 13:53:25,927 [WARN] PackLoader:240 - Cannot read IP mode file for STMicroelectronics.X-CUBE-BLE2.3.3.0
2025-12-09 13:53:25,936 [WARN] PackLoader:240 - Cannot read IP mode file for STMicroelectronics.X-CUBE-NFC9.1.0.0
2025-12-09 13:53:25,943 [WARN] PackLoader:240 - Cannot read IP mode file for STMicroelectronics.X-CUBE-BLE1.7.1.0
2025-12-09 13:53:25,950 [WARN] PackLoader:240 - Cannot read IP mode file for wolfSSL.I-CUBE-wolfMQTT.1.19.2
2025-12-09 13:53:25,958 [WARN] PackLoader:240 - Cannot read IP mode file for STMicroelectronics.X-CUBE-EEPRMA1.5.2.0
2025-12-09 13:53:25,964 [ERROR] Engine:466 - C:\Users\HP\.stm32cubemx\thirdparties\pdsc\STMicroelectronics.X-CUBE-ST67W61.1.1.0.pdsc: PDSC version is not supported
2025-12-09 13:53:26,007 [WARN] PackLoader:240 - Cannot read IP mode file for STMicroelectronics.X-CUBE-MEMS1.11.2.0
2025-12-09 13:53:26,151 [WARN] PackLoader:240 - Cannot read IP mode file for STMicroelectronics.X-CUBE-AZRTOS-G0.1.1.0
2025-12-09 13:53:26,162 [WARN] PackLoader:240 - Cannot read IP mode file for STMicroelectronics.X-CUBE-SAFEA1.1.2.2
2025-12-09 13:53:26,169 [WARN] PackLoader:240 - Cannot read IP mode file for STMicroelectronics.X-CUBE-NFC4.3.0.0
2025-12-09 13:53:26,177 [WARN] PackLoader:240 - Cannot read IP mode file for EmbeddedOffice.I-CUBE-FS-RTOS.1.0.1
2025-12-09 13:53:26,184 [WARN] PackLoader:240 - Cannot read IP mode file for STMicroelectronics.X-CUBE-WB05N.2.0.0
2025-12-09 13:53:26,191 [WARN] PackLoader:240 - Cannot read IP mode file for wolfSSL.I-CUBE-wolfTPM.3.8.0
2025-12-09 13:53:26,197 [WARN] PackLoader:240 - Cannot read IP mode file for STMicroelectronics.X-CUBE-TCPP.4.2.0
2025-12-09 13:53:26,203 [WARN] PackLoader:240 - Cannot read IP mode file for STMicroelectronics.FP-ATR-SIGFOX1.3.2.0
2025-12-09 13:53:26,209 [WARN] PackLoader:240 - Cannot read IP mode file for STMicroelectronics.X-CUBE-EEPRMA1.5.1.0
2025-12-09 13:53:26,215 [WARN] PackLoader:240 - Cannot read IP mode file for wolfSSL.I-CUBE-wolfSSL.5.7.6
2025-12-09 13:53:26,226 [WARN] PackLoader:240 - Cannot read IP mode file for ITTIA_DB.I-CUBE-ITTIADB.8.9.0
2025-12-09 13:53:26,232 [WARN] PackLoader:240 - Cannot read IP mode file for STMicroelectronics.X-CUBE-AI.10.2.0
2025-12-09 13:53:26,258 [WARN] PackLoader:240 - Cannot read IP mode file for SEGGER.I-CUBE-embOS.1.3.1
2025-12-09 13:53:26,316 [WARN] PackLoader:240 - Cannot read IP mode file for STMicroelectronics.X-CUBE-ALGOBUILD.1.4.0
2025-12-09 13:53:26,380 [WARN] PackLoader:240 - Cannot read IP mode file for STMicroelectronics.X-CUBE-MEMS1.11.3.0
2025-12-09 13:53:26,551 [WARN] PackLoader:240 - Cannot read IP mode file for STMicroelectronics.X-CUBE-PM33A1.1.0.0
2025-12-09 13:53:26,578 [WARN] PackLoader:240 - Cannot read IP mode file for STMicroelectronics.X-CUBE-AZRTOS-F4.1.1.0
2025-12-09 13:53:26,588 [WARN] PackLoader:240 - Cannot read IP mode file for Avnet-IotConnect.X-CUBE-IoTC-DA16k-PMOD.1.0.0
2025-12-09 13:53:26,595 [WARN] PackLoader:240 - Cannot read IP mode file for STMicroelectronics.X-CUBE-ISPU.2.1.0
2025-12-09 13:53:26,604 [ERROR] Engine:466 - C:\Users\HP\.stm32cubemx\thirdparties\pdsc\STMicroelectronics.X-CUBE-IPS.3.2.0.pdsc: PDSC version is not supported
2025-12-09 13:53:26,614 [WARN] PackLoader:240 - Cannot read IP mode file for STMicroelectronics.X-CUBE-NFC12.1.0.0
2025-12-09 13:53:26,637 [WARN] PackLoader:240 - Cannot read IP mode file for STMicroelectronics.X-CUBE-AZRTOS-L5.2.0.0
2025-12-09 13:53:26,649 [WARN] PackLoader:240 - Cannot read IP mode file for STMicroelectronics.X-CUBE-NFC6.3.1.0
2025-12-09 13:53:26,659 [WARN] PackLoader:240 - Cannot read IP mode file for STMicroelectronics.X-CUBE-FREERTOS.1.3.1
2025-12-09 13:53:26,665 [WARN] PackLoader:240 - Cannot read IP mode file for STMicroelectronics.X-CUBE-FREERTOS.1.3.0
2025-12-09 13:53:26,672 [WARN] PackLoader:240 - Cannot read IP mode file for STMicroelectronics.X-CUBE-NFC7.1.0.1
2025-12-09 13:53:26,681 [WARN] PackLoader:240 - Cannot read IP mode file for STMicroelectronics.X-CUBE-TOUCHGFX.4.26.0
2025-12-09 13:53:26,688 [WARN] PackLoader:240 - Cannot read IP mode file for STMicroelectronics.FP-SNS-STAIOTCFT.1.0.0
2025-12-09 13:53:26,695 [WARN] PackLoader:240 - Cannot read IP mode file for STMicroelectronics.X-CUBE-DPower.1.3.0
2025-12-09 13:53:26,712 [WARN] ConditionMgr:438 - getConditionDescription Invalid condition id : LAN8742 Phy interface Condition cause : null
2025-12-09 13:53:26,713 [WARN] PackLoader:240 - Cannot read IP mode file for STMicroelectronics.X-CUBE-AZRTOS-L4.2.0.0
2025-12-09 13:53:26,715 [WARN] ConditionMgr:1044 - genDependencies : Invalid condition id : LAN8742 Phy interface Condition cause : null
2025-12-09 13:53:26,716 [WARN] ConditionMgr:1044 - genDependencies : Invalid condition id : LAN8742 Phy interface Condition cause : null
2025-12-09 13:53:26,717 [WARN] ConditionMgr:1044 - genDependencies : Invalid condition id : LAN8742 Phy interface Condition cause : null
2025-12-09 13:53:26,727 [WARN] PackLoader:240 - Cannot read IP mode file for STMicroelectronics.X-CUBE-SFXS2LP1.4.0.0
2025-12-09 13:53:26,755 [WARN] PackLoader:240 - Cannot read IP mode file for STMicroelectronics.X-CUBE-AZRTOS-H7.3.3.0
2025-12-09 13:53:26,772 [WARN] PackLoader:240 - Cannot read IP mode file for STMicroelectronics.X-CUBE-BLEMGR.4.1.0
2025-12-09 13:53:26,792 [WARN] ConditionMgr:438 - getConditionDescription Invalid condition id : UX DEVICE CLASS RTOS Condition cause : null
2025-12-09 13:53:26,793 [WARN] ConditionMgr:438 - getConditionDescription Invalid condition id : UX DEVICE CLASS RTOS Condition cause : null
2025-12-09 13:53:26,795 [WARN] PackLoader:240 - Cannot read IP mode file for STMicroelectronics.X-CUBE-AZRTOS-WB.2.0.0
2025-12-09 13:53:26,796 [WARN] ConditionMgr:1044 - genDependencies : Invalid condition id : UX DEVICE CLASS RTOS Condition cause : null
2025-12-09 13:53:26,796 [WARN] ConditionMgr:1044 - genDependencies : Invalid condition id : UX DEVICE CLASS RTOS Condition cause : null
2025-12-09 13:53:26,797 [WARN] ConditionMgr:1044 - genDependencies : Invalid condition id : UX DEVICE CLASS RTOS Condition cause : null
2025-12-09 13:53:26,797 [WARN] ConditionMgr:1044 - genDependencies : Invalid condition id : UX DEVICE CLASS RTOS Condition cause : null
2025-12-09 13:53:26,798 [WARN] ConditionMgr:1044 - genDependencies : Invalid condition id : UX DEVICE CLASS RTOS Condition cause : null
2025-12-09 13:53:26,805 [WARN] PackLoader:240 - Cannot read IP mode file for STMicroelectronics.X-CUBE-GNSS1.7.0.1
2025-12-09 13:53:26,811 [WARN] PackLoader:240 - Cannot read IP mode file for STMicroelectronics.X-CUBE-TOUCHGFX.4.25.0
2025-12-09 13:53:26,818 [WARN] PackLoader:240 - Cannot read IP mode file for STMicroelectronics.FP-SNS-STBOX1.2.0.0
2025-12-09 13:53:26,830 [WARN] PackLoader:240 - Cannot read IP mode file for STMicroelectronics.X-CUBE-SUBG2.5.0.0
2025-12-09 13:53:26,852 [WARN] PackLoader:240 - Cannot read IP mode file for STMicroelectronics.X-CUBE-AZRTOS-H7RS.1.1.0
2025-12-09 13:53:26,861 [WARN] PackLoader:240 - Cannot read IP mode file for Cesanta.I-CUBE-Mongoose.7.13.0
2025-12-09 13:53:26,876 [WARN] PackLoader:240 - Cannot read IP mode file for STMicroelectronics.X-CUBE-AZRTOS-G4.2.0.0
2025-12-09 13:53:26,883 [WARN] PackLoader:240 - Cannot read IP mode file for wolfSSL.I-CUBE-wolfSSH.1.4.20
2025-12-09 13:53:26,888 [WARN] PackLoader:240 - Cannot read IP mode file for STMicroelectronics.X-CUBE-NFC7.2.0.0
2025-12-09 13:53:26,902 [WARN] PackLoader:240 - Cannot read IP mode file for STMicroelectronics.X-CUBE-IPS.3.1.0
2025-12-09 13:53:26,912 [WARN] PackLoader:240 - Cannot read IP mode file for STMicroelectronics.X-CUBE-ALS.1.0.2
2025-12-09 13:53:26,921 [WARN] PackLoader:240 - Cannot read IP mode file for STMicroelectronics.X-CUBE-STSE01.1.0.0
2025-12-09 13:53:26,930 [WARN] PackLoader:240 - Cannot read IP mode file for portGmbH.I-Cube-SoM-uGOAL.1.1.0
2025-12-09 13:53:26,942 [WARN] PackLoader:240 - Cannot read IP mode file for STMicroelectronics.X-CUBE-TOF1.3.4.2
2025-12-09 13:53:26,962 [WARN] PackLoader:240 - Cannot read IP mode file for STMicroelectronics.X-CUBE-TOF1.3.4.3
2025-12-09 13:53:26,973 [INFO] ThirdParty:978 - Integrity check success = true
2025-12-09 13:53:26,973 [INFO] IntegrityCheckThread:100 - exiting critical section [integrity check]
2025-12-09 13:53:26,973 [INFO] IntegrityCheckThread:103 - End integrity checks thread
2025-12-09 14:06:05,749 [ERROR] ConfigurationRetriever:142 - IOException on connection: Connect timed out
2025-12-09 14:08:24,348 [ERROR] AdobePublisher:187 - Exception while getting the server answer: java.net.SocketTimeoutException: Read timed out
2025-12-09 14:08:26,351 [ERROR] ConfigurationRetriever:142 - IOException on connection: Connect timed out
2025-12-09 14:12:19,221 [ERROR] AdobePublisher:187 - Exception while getting the server answer: java.net.SocketTimeoutException: Read timed out
2025-12-09 14:12:21,224 [ERROR] ConfigurationRetriever:142 - IOException on connection: Connect timed out
2025-12-09 14:12:23,226 [ERROR] ConfigurationRetriever:142 - IOException on connection: Connect timed out
2025-12-09 14:20:36,488 [ERROR] ConfigurationRetriever:142 - IOException on connection: Connect timed out
2025-12-09 14:20:38,491 [ERROR] ConfigurationRetriever:142 - IOException on connection: Connect timed out
2025-12-09 14:20:41,668 [ERROR] ConfigurationRetriever:142 - IOException on connection: Read timed out
2025-12-09 14:20:43,669 [ERROR] ConfigurationRetriever:142 - IOException on connection: Connect timed out
2025-12-09 14:20:50,363 [ERROR] AdobePublisher:162 - Exception while opening the connection: java.net.SocketTimeoutException: Read timed out
2025-12-09 14:20:52,365 [ERROR] AdobePublisher:162 - Exception while opening the connection: java.net.SocketTimeoutException: Connect timed out
2025-12-09 14:20:54,366 [ERROR] AdobePublisher:162 - Exception while opening the connection: java.net.SocketTimeoutException: Connect timed out
2025-12-09 14:35:10,172 [ERROR] ConfigurationRetriever:142 - IOException on connection: Connect timed out
2025-12-09 14:35:14,922 [ERROR] ConfigurationRetriever:142 - IOException on connection: Connect timed out
2025-12-09 14:35:17,727 [ERROR] ConfigurationRetriever:142 - IOException on connection: Read timed out
2025-12-09 14:35:22,736 [ERROR] ConfigurationRetriever:142 - IOException on connection: Read timed out
2025-12-09 14:35:24,738 [ERROR] ConfigurationRetriever:142 - IOException on connection: Connect timed out
2025-12-09 14:37:17,849 [ERROR] ConfigurationRetriever:142 - IOException on connection: Read timed out
2025-12-09 14:37:21,485 [ERROR] ConfigurationRetriever:142 - IOException on connection: Read timed out
2025-12-09 14:37:23,487 [ERROR] ConfigurationRetriever:142 - IOException on connection: Connect timed out
2025-12-09 14:40:33,954 [ERROR] ConfigurationRetriever:142 - IOException on connection: Read timed out
2025-12-09 14:40:38,538 [ERROR] ConfigurationRetriever:142 - IOException on connection: Connect timed out
2025-12-09 14:44:19,737 [ERROR] ConfigurationRetriever:142 - IOException on connection: Read timed out
2025-12-09 14:44:21,740 [ERROR] ConfigurationRetriever:142 - IOException on connection: Connect timed out
2025-12-09 14:44:23,741 [ERROR] ConfigurationRetriever:142 - IOException on connection: Connect timed out
2025-12-09 14:44:44,171 [ERROR] ConfigurationRetriever:142 - IOException on connection: Connect timed out
2025-12-09 14:44:46,174 [ERROR] ConfigurationRetriever:142 - IOException on connection: Connect timed out
