2025-10-22 07:17:51,299 [INFO] UtilMem:75 - End SaveConfig() Used Memory: 323849056 Bytes (835715072)
2025-10-22 07:17:55,234 [INFO] UtilMem:75 - End SaveConfig() Used Memory: 284450136 Bytes (835715072)
2025-10-22 07:17:59,243 [INFO] UtilMem:75 - End SaveConfig() Used Memory: 387048720 Bytes (835715072)
2025-10-22 07:18:00,598 [INFO] BlockDiagram:2775 - set Specific Code input for plugin: SPI
2025-10-22 07:18:00,599 [INFO] BlockDiagram:2775 - set Specific Code input for plugin: SYS
2025-10-22 07:18:00,600 [INFO] BlockDiagram:2775 - set Specific Code input for plugin: RCC
2025-10-22 07:18:00,600 [INFO] BlockDiagram:2775 - set Specific Code input for plugin: NVIC
2025-10-22 07:18:00,601 [INFO] BlockDiagram:2775 - set Specific Code input for plugin: GPIO
2025-10-22 07:18:00,605 [INFO] CodeGenerator:882 - code generatio: config db path: D:\Application\CubeIDE\STM32CubeIDE_1.18.1\STM32CubeIDE\plugins\com.st.stm32cube.common.mx_6.14.1.202504091515\\db\
2025-10-22 07:18:01,089 [INFO] CodeEngine:263 - oldGeneratedFile, D:\Git_repositories\stm32_icm20600_spi_hal\icm20600_hal\MXTmpFiles\license.tmp_save
2025-10-22 07:18:01,814 [INFO] CodeEngine:287 - Generated code: D:\Git_repositories\stm32_icm20600_spi_hal\icm20600_hal\MXTmpFiles\license.tmp
2025-10-22 07:18:02,183 [INFO] CodeEngine:263 - oldGeneratedFile, D:\Git_repositories\stm32_icm20600_spi_hal\icm20600_hal\MXTmpFiles\gpio.tmp_save
2025-10-22 07:18:02,558 [INFO] CodeEngine:287 - Generated code: D:\Git_repositories\stm32_icm20600_spi_hal\icm20600_hal\MXTmpFiles\gpio.tmp
2025-10-22 07:18:02,948 [INFO] CodeEngine:263 - oldGeneratedFile, D:\Git_repositories\stm32_icm20600_spi_hal\icm20600_hal\Core\Src\stm32g4xx_it.c_save
2025-10-22 07:18:03,225 [INFO] CodeEngine:287 - Generated code: D:\Git_repositories\stm32_icm20600_spi_hal\icm20600_hal\Core\Src\stm32g4xx_it.c
2025-10-22 07:18:03,269 [INFO] CodeEngine:263 - oldGeneratedFile, D:\Git_repositories\stm32_icm20600_spi_hal\icm20600_hal\Core\Inc\stm32g4xx_it.h_save
2025-10-22 07:18:03,431 [INFO] CodeEngine:287 - Generated code: D:\Git_repositories\stm32_icm20600_spi_hal\icm20600_hal\Core\Inc\stm32g4xx_it.h
2025-10-22 07:18:03,497 [INFO] CodeEngine:263 - oldGeneratedFile, D:\Git_repositories\stm32_icm20600_spi_hal\icm20600_hal\Core\Src\stm32g4xx_hal_msp.c_save
2025-10-22 07:18:03,799 [INFO] CodeEngine:287 - Generated code: D:\Git_repositories\stm32_icm20600_spi_hal\icm20600_hal\Core\Src\stm32g4xx_hal_msp.c
2025-10-22 07:18:03,824 [INFO] CodeEngine:263 - oldGeneratedFile, D:\Git_repositories\stm32_icm20600_spi_hal\icm20600_hal\MXTmpFiles\system.tmp_save
2025-10-22 07:18:03,968 [INFO] CodeEngine:287 - Generated code: D:\Git_repositories\stm32_icm20600_spi_hal\icm20600_hal\MXTmpFiles\system.tmp
2025-10-22 07:18:04,028 [INFO] CodeEngine:319 - oldGeneratedFile, D:\Git_repositories\stm32_icm20600_spi_hal\icm20600_hal\Core\Inc\stm32g4xx_hal_conf.h_save
2025-10-22 07:18:04,233 [INFO] CodeEngine:343 - Generated code: D:\Git_repositories\stm32_icm20600_spi_hal\icm20600_hal\Core\Inc\stm32g4xx_hal_conf.h
2025-10-22 07:18:04,304 [WARN] IPConfigManager:3217 - Warning: the RefConfig RCC_CommonPeriphClockConfig is not available in your config.xml file
2025-10-22 07:18:04,315 [INFO] ApiDbMcu:508 - Load IP Config File for SPI1
2025-10-22 07:18:04,323 [INFO] ApiDbMcu:508 - Load IP Config File for RCC
2025-10-22 07:18:04,381 [INFO] CodeEngine:263 - oldGeneratedFile, D:\Git_repositories\stm32_icm20600_spi_hal\icm20600_hal\Core\Inc\main.h_save
2025-10-22 07:18:04,591 [INFO] CodeEngine:287 - Generated code: D:\Git_repositories\stm32_icm20600_spi_hal\icm20600_hal\Core\Inc\main.h
2025-10-22 07:18:04,639 [INFO] CodeEngine:263 - oldGeneratedFile, D:\Git_repositories\stm32_icm20600_spi_hal\icm20600_hal\Core\Src\main.c_save
2025-10-22 07:18:04,968 [INFO] CodeEngine:287 - Generated code: D:\Git_repositories\stm32_icm20600_spi_hal\icm20600_hal\Core\Src\main.c
2025-10-22 07:18:05,664 [INFO] ProjectBuilder:3324 - Time for Copy HAL[1] : 329mS.
2025-10-22 07:18:05,677 [INFO] ProjectBuilder:4912 - Project Generator version: 4.6.0.1-B1
2025-10-22 07:18:05,872 [INFO] ConfigFileManager:1590 - The Die is : DIE469
2025-10-22 07:18:05,906 [INFO] ApiDbMcu:508 - Load IP Config File for FATFS
2025-10-22 07:18:05,942 [INFO] ApiDbMcu:508 - Load IP Config File for FREERTOS
2025-10-22 07:18:05,976 [INFO] ApiDbMcu:508 - Load IP Config File for USBPD
2025-10-22 07:18:06,010 [INFO] ApiDbMcu:508 - Load IP Config File for USB_DEVICE
