2025-10-15 21:19:26,648 [INFO] Activator:176 - 


2025-10-15 21:19:26,658 [INFO] Activator:177 - !SESSION log4j initialized
2025-10-15 21:19:43,543 [INFO] LogOutputStream:77 - [STDOUT_REDIRECT] 
2025-10-15 21:19:52,282 [INFO] ApplicationProperties:184 - Using Application install path: D:\Application\CubeIDE\STM32CubeIDE_1.18.1\STM32CubeIDE\plugins\com.st.stm32cube.common.mx_6.14.1.202504091515
2025-10-15 21:19:52,314 [INFO] DbMcusXml:78 - Set database path to: D:\Application\CubeIDE\STM32CubeIDE_1.18.1\STM32CubeIDE\plugins\com.st.stm32cube.common.mx_6.14.1.202504091515\\db\/mcu/
2025-10-15 21:19:52,315 [INFO] ApiDb:274 - Set plugin database path to: D:\Application\CubeIDE\STM32CubeIDE_1.18.1\STM32CubeIDE\plugins\com.st.stm32cube.common.mx_6.14.1.202504091515\\db\/plugins/boardmanager/
2025-10-15 21:19:52,316 [WARN] ApiDb:259 - Overriding images path with different value:  => D:\Application\CubeIDE\STM32CubeIDE_1.18.1\STM32CubeIDE\plugins\com.st.stm32cube.common.mx_6.14.1.202504091515\\db\/plugins/mcufinder/images/
2025-10-15 21:19:52,330 [INFO] ApiDb:250 - Set database path to: C:\Users\HP\.stmcufinder\plugins\mcufinder//mcu/
2025-10-15 21:19:52,332 [INFO] DbMcusAds:125 - Set database path to: C:\Users\HP\.stmcufinder\plugins\mcufinder//mcu/
2025-10-15 21:19:52,336 [INFO] CrossReferenceDbSqlite:203 - Set database path to: C:\Users\HP\.stmcufinder\plugins\mcufinder//mcu/cs/
2025-10-15 21:19:52,556 [INFO] RulesReader:64 - Compatibility file has been processed (302 Rules)
2025-10-15 21:19:52,694 [INFO] DbMcusXml:78 - Set database path to: D:\Application\CubeIDE\STM32CubeIDE_1.18.1\STM32CubeIDE\plugins\com.st.stm32cube.common.mx_6.14.1.202504091515\\db\/mcu/
2025-10-15 21:19:52,694 [INFO] ApiDb:274 - Set plugin database path to: D:\Application\CubeIDE\STM32CubeIDE_1.18.1\STM32CubeIDE\plugins\com.st.stm32cube.common.mx_6.14.1.202504091515\\db\/plugins/boardmanager/
2025-10-15 21:19:52,694 [INFO] ApiDb:261 - Set plugin images path to: D:\Application\CubeIDE\STM32CubeIDE_1.18.1\STM32CubeIDE\plugins\com.st.stm32cube.common.mx_6.14.1.202504091515\\db\/plugins/mcufinder/images/
2025-10-15 21:19:52,695 [WARN] DbFile:41 - Overriding database path with different value: C:\Users\HP\.stmcufinder\plugins\mcufinder/ => C:\Users\HP\.stmcufinder\plugins\mcufinder
2025-10-15 21:19:52,695 [INFO] ApiDb:250 - Set database path to: C:\Users\HP\.stmcufinder\plugins\mcufinder//mcu/
2025-10-15 21:19:52,695 [WARN] DbFile:41 - Overriding database path with different value: C:\Users\HP\.stmcufinder\plugins\mcufinder/ => C:\Users\HP\.stmcufinder\plugins\mcufinder
2025-10-15 21:19:52,695 [INFO] DbMcusAds:125 - Set database path to: C:\Users\HP\.stmcufinder\plugins\mcufinder//mcu/
2025-10-15 21:19:52,695 [WARN] DbFile:41 - Overriding database path with different value: C:\Users\HP\.stmcufinder\plugins\mcufinder/ => C:\Users\HP\.stmcufinder\plugins\mcufinder
2025-10-15 21:19:52,695 [WARN] DbFile:41 - Overriding database path with different value: C:\Users\HP\.stmcufinder\plugins\mcufinder/ => C:\Users\HP\.stmcufinder\plugins\mcufinder
2025-10-15 21:19:52,695 [INFO] CrossReferenceDbSqlite:203 - Set database path to: C:\Users\HP\.stmcufinder\plugins\mcufinder//mcu/cs/
2025-10-15 21:19:52,824 [INFO] MainPanel:272 - HeapMemory: 285212672
2025-10-15 21:19:53,013 [INFO] DbMcusXml:78 - Set database path to: D:\Application\CubeIDE\STM32CubeIDE_1.18.1\STM32CubeIDE\plugins\com.st.stm32cube.common.mx_6.14.1.202504091515\\db\/mcu/
2025-10-15 21:19:53,013 [INFO] ApiDb:274 - Set plugin database path to: D:\Application\CubeIDE\STM32CubeIDE_1.18.1\STM32CubeIDE\plugins\com.st.stm32cube.common.mx_6.14.1.202504091515\\db\/plugins/boardmanager/
2025-10-15 21:19:53,013 [INFO] ApiDb:261 - Set plugin images path to: D:\Application\CubeIDE\STM32CubeIDE_1.18.1\STM32CubeIDE\plugins\com.st.stm32cube.common.mx_6.14.1.202504091515\\db\/plugins/mcufinder/images/
2025-10-15 21:19:53,014 [WARN] DbFile:41 - Overriding database path with different value: C:\Users\HP\.stmcufinder\plugins\mcufinder/ => C:\Users\HP\.stmcufinder\plugins\mcufinder
2025-10-15 21:19:53,014 [INFO] ApiDb:250 - Set database path to: C:\Users\HP\.stmcufinder\plugins\mcufinder//mcu/
2025-10-15 21:19:53,014 [WARN] DbFile:41 - Overriding database path with different value: C:\Users\HP\.stmcufinder\plugins\mcufinder/ => C:\Users\HP\.stmcufinder\plugins\mcufinder
2025-10-15 21:19:53,014 [INFO] DbMcusAds:125 - Set database path to: C:\Users\HP\.stmcufinder\plugins\mcufinder//mcu/
2025-10-15 21:19:53,014 [WARN] DbFile:41 - Overriding database path with different value: C:\Users\HP\.stmcufinder\plugins\mcufinder/ => C:\Users\HP\.stmcufinder\plugins\mcufinder
2025-10-15 21:19:53,014 [WARN] DbFile:41 - Overriding database path with different value: C:\Users\HP\.stmcufinder\plugins\mcufinder/ => C:\Users\HP\.stmcufinder\plugins\mcufinder
2025-10-15 21:19:53,015 [INFO] CrossReferenceDbSqlite:203 - Set database path to: C:\Users\HP\.stmcufinder\plugins\mcufinder//mcu/cs/
2025-10-15 21:19:53,048 [INFO] ApplicationProperties:184 - Using Application install path: D:\Application\CubeIDE\STM32CubeIDE_1.18.1\STM32CubeIDE\plugins\com.st.stm32cube.common.mx_6.14.1.202504091515
2025-10-15 21:19:53,051 [INFO] PluginManage:196 - Search for loadable plugins [exclusion list=, ]
2025-10-15 21:19:53,053 [INFO] PluginManage:310 - Check plugin analytics
2025-10-15 21:19:57,966 [INFO] AnalyticsPlugin:253 - Accepted Software Licenses: 
2025-10-15 21:19:57,967 [INFO] AnalyticsPlugin:255 - Accepted CMSIS Pack Licenses: 
2025-10-15 21:19:57,967 [INFO] AnalyticsPlugin:257 - Accepted Firmware Licenses: FW.G4.1.6.0
2025-10-15 21:19:57,973 [INFO] PluginManage:359 - Loaded plugin analytics (category:tool,tabindex:-1)
2025-10-15 21:19:57,974 [INFO] PluginManage:310 - Check plugin cadmodel
2025-10-15 21:19:58,021 [INFO] CADModel:105 - Init CAD model plugin
2025-10-15 21:19:58,022 [INFO] PluginManage:359 - Loaded plugin cadmodel (category:power,tabindex:5)
2025-10-15 21:19:58,022 [INFO] PluginManage:310 - Check plugin clock
2025-10-15 21:19:58,077 [INFO] PluginManage:359 - Loaded plugin clock (category:base,tabindex:2)
2025-10-15 21:19:58,077 [INFO] PluginManage:310 - Check plugin ddr
2025-10-15 21:19:58,083 [INFO] PluginManage:359 - Loaded plugin ddr (category:tool,tabindex:6)
2025-10-15 21:19:58,083 [INFO] PluginManage:310 - Check plugin filemanager
2025-10-15 21:19:58,426 [INFO] PluginManage:359 - Loaded plugin filemanager (category:base,tabindex:10)
2025-10-15 21:19:58,426 [INFO] PluginManage:310 - Check plugin ipmanager
2025-10-15 21:19:58,444 [INFO] PluginManage:359 - Loaded plugin ipmanager (category:base,tabindex:5)
2025-10-15 21:19:58,444 [INFO] PluginManage:310 - Check plugin lpbam
2025-10-15 21:19:58,494 [INFO] PluginManage:359 - Loaded plugin lpbam (category:base,tabindex:0)
2025-10-15 21:19:58,495 [INFO] PluginManage:310 - Check plugin memorymap
2025-10-15 21:19:58,559 [INFO] PluginManage:359 - Loaded plugin memorymap (category:base,tabindex:4)
2025-10-15 21:19:58,560 [INFO] PluginManage:310 - Check plugin pinoutandconfiguration
2025-10-15 21:19:58,605 [INFO] PluginManage:359 - Loaded plugin pinoutandconfiguration (category:base,tabindex:1)
2025-10-15 21:19:58,606 [INFO] PluginManage:310 - Check plugin pinoutconfig
2025-10-15 21:19:58,791 [WARN] SupportedApi:132 - Cannot load RTOS API schema: s4s-elt-must-match.1: The content of 'definitions' must match (annotation?, (simpleType | complexType)?, (unique | key | keyref)*)). A problem was found starting at: attribute.
2025-10-15 21:19:59,031 [INFO] PluginManage:359 - Loaded plugin pinoutconfig (category:base,tabindex:0)
2025-10-15 21:19:59,031 [INFO] PluginManage:310 - Check plugin power
2025-10-15 21:19:59,076 [INFO] PluginManage:359 - Loaded plugin power (category:power,tabindex:4)
2025-10-15 21:19:59,076 [INFO] PluginManage:310 - Check plugin projectmanager
2025-10-15 21:19:59,106 [INFO] PluginManage:359 - Loaded plugin projectmanager (category:projectmanager,tabindex:4)
2025-10-15 21:19:59,107 [INFO] PluginManage:310 - Check plugin rif
2025-10-15 21:19:59,144 [INFO] PluginManage:359 - Loaded plugin rif (category:base,tabindex:3)
2025-10-15 21:19:59,144 [INFO] PluginManage:310 - Check plugin thirdparty
2025-10-15 21:19:59,773 [INFO] PluginManage:359 - Loaded plugin thirdparty (category:base,tabindex:-1)
2025-10-15 21:19:59,773 [WARN] IntegrityCheckThread:84 - waiting for thirdparty lock release [integrity check]
2025-10-15 21:19:59,774 [INFO] PluginManage:310 - Check plugin tools
2025-10-15 21:19:59,774 [INFO] IntegrityCheckThread:86 - entering critical section [integrity check]
2025-10-15 21:19:59,774 [INFO] ThirdPartyUpdaterWithRetryManager:70 - Updater plugin not ready yet. [1/15]
2025-10-15 21:19:59,876 [INFO] PluginManage:359 - Loaded plugin tools (category:base,tabindex:7)
2025-10-15 21:19:59,877 [INFO] PluginManage:310 - Check plugin tutovideos
2025-10-15 21:20:00,286 [INFO] PluginManage:359 - Loaded plugin tutovideos (category:base,tabindex:-1)
2025-10-15 21:20:00,286 [INFO] PluginManage:310 - Check plugin updater
2025-10-15 21:20:00,331 [INFO] PluginManage:359 - Loaded plugin updater (category:base,tabindex:12)
2025-10-15 21:20:00,331 [INFO] PluginManage:310 - Check plugin userauth
2025-10-15 21:20:00,340 [INFO] UserAuth:118 - Init User Auth plugin
2025-10-15 21:20:00,342 [INFO] PluginManage:359 - Loaded plugin userauth (category:base,tabindex:14)
2025-10-15 21:20:00,343 [INFO] PluginManage:283 - PluginManage : Loaded plugins [18]
2025-10-15 21:20:00,744 [INFO] PinOutPanel:1589 - setPackage(No Configuration,No Configuration)
2025-10-15 21:20:00,908 [INFO] CADModel:165 - CPN selected for project level
2025-10-15 21:20:00,908 [INFO] CADModel:114 - Register for checkConnection events
2025-10-15 21:20:00,963 [INFO] IPUIPlugin:80 - create IPUIPlugin
2025-10-15 21:20:00,964 [INFO] PluginManager:220 - loadIPPluginJar : add adc
2025-10-15 21:20:01,066 [INFO] IPUIPlugin:80 - create IPUIPlugin
2025-10-15 21:20:01,066 [INFO] PluginManager:220 - loadIPPluginJar : add aes
2025-10-15 21:20:01,176 [INFO] IPUIPlugin:80 - create IPUIPlugin
2025-10-15 21:20:01,177 [INFO] PluginManager:220 - loadIPPluginJar : add can
2025-10-15 21:20:01,247 [INFO] IPUIPlugin:80 - create IPUIPlugin
2025-10-15 21:20:01,247 [INFO] PluginManager:220 - loadIPPluginJar : add comp
2025-10-15 21:20:01,340 [INFO] IPUIPlugin:80 - create IPUIPlugin
2025-10-15 21:20:01,340 [INFO] PluginManager:220 - loadIPPluginJar : add cryp
2025-10-15 21:20:01,372 [INFO] IPUIPlugin:80 - create IPUIPlugin
2025-10-15 21:20:01,372 [INFO] PluginManager:220 - loadIPPluginJar : add ddr_ctrl_phy
2025-10-15 21:20:01,457 [INFO] IPUIPlugin:80 - create IPUIPlugin
2025-10-15 21:20:01,457 [INFO] PluginManager:220 - loadIPPluginJar : add dfsdm
2025-10-15 21:20:01,492 [INFO] IPUIPlugin:80 - create IPUIPlugin
2025-10-15 21:20:01,492 [INFO] PluginManager:220 - loadIPPluginJar : add dma
2025-10-15 21:20:01,604 [INFO] IPUIPlugin:80 - create IPUIPlugin
2025-10-15 21:20:01,604 [INFO] PluginManager:220 - loadIPPluginJar : add dma3
2025-10-15 21:20:01,732 [INFO] IPUIPlugin:80 - create IPUIPlugin
2025-10-15 21:20:01,733 [INFO] PluginManager:220 - loadIPPluginJar : add extmemmanager
2025-10-15 21:20:01,797 [INFO] IPUIPlugin:80 - create IPUIPlugin
2025-10-15 21:20:01,797 [INFO] PluginManager:220 - loadIPPluginJar : add fatfs
2025-10-15 21:20:01,924 [INFO] IPUIPlugin:80 - create IPUIPlugin
2025-10-15 21:20:01,925 [INFO] PluginManager:220 - loadIPPluginJar : add fmc
2025-10-15 21:20:01,966 [INFO] IPUIPlugin:80 - create IPUIPlugin
2025-10-15 21:20:01,966 [INFO] PluginManager:220 - loadIPPluginJar : add freertos
2025-10-15 21:20:02,028 [INFO] IPUIPlugin:80 - create IPUIPlugin
2025-10-15 21:20:02,028 [INFO] PluginManager:220 - loadIPPluginJar : add genericplugin
2025-10-15 21:20:02,305 [INFO] IPUIPlugin:80 - create IPUIPlugin
2025-10-15 21:20:02,305 [INFO] PluginManager:220 - loadIPPluginJar : add gfxmmu
2025-10-15 21:20:02,696 [INFO] IPUIPlugin:80 - create IPUIPlugin
2025-10-15 21:20:02,697 [INFO] PluginManager:220 - loadIPPluginJar : add gic
2025-10-15 21:20:02,740 [INFO] IPUIPlugin:80 - create IPUIPlugin
2025-10-15 21:20:02,740 [INFO] PluginManager:220 - loadIPPluginJar : add gpio
2025-10-15 21:20:02,776 [INFO] ThirdPartyUpdaterWithRetryManager:70 - Updater plugin not ready yet. [2/15]
2025-10-15 21:20:02,994 [INFO] IPUIPlugin:80 - create IPUIPlugin
2025-10-15 21:20:02,994 [INFO] PluginManager:220 - loadIPPluginJar : add gtzc
2025-10-15 21:20:03,095 [INFO] IPUIPlugin:80 - create IPUIPlugin
2025-10-15 21:20:03,096 [INFO] PluginManager:220 - loadIPPluginJar : add hash
2025-10-15 21:20:03,254 [INFO] IPUIPlugin:80 - create IPUIPlugin
2025-10-15 21:20:03,254 [INFO] PluginManager:220 - loadIPPluginJar : add i2c
2025-10-15 21:20:03,364 [INFO] IPUIPlugin:80 - create IPUIPlugin
2025-10-15 21:20:03,364 [INFO] PluginManager:220 - loadIPPluginJar : add i2s
2025-10-15 21:20:03,490 [INFO] IPUIPlugin:80 - create IPUIPlugin
2025-10-15 21:20:03,490 [INFO] PluginManager:220 - loadIPPluginJar : add i3c
2025-10-15 21:20:03,773 [INFO] IPUIPlugin:80 - create IPUIPlugin
2025-10-15 21:20:03,773 [INFO] PluginManager:220 - loadIPPluginJar : add ipddr
2025-10-15 21:20:04,036 [INFO] IPUIPlugin:80 - create IPUIPlugin
2025-10-15 21:20:04,037 [INFO] PluginManager:220 - loadIPPluginJar : add linkedlist
2025-10-15 21:20:04,138 [INFO] IPUIPlugin:80 - create IPUIPlugin
2025-10-15 21:20:04,138 [INFO] PluginManager:220 - loadIPPluginJar : add lorawan
2025-10-15 21:20:04,242 [INFO] IPUIPlugin:80 - create IPUIPlugin
2025-10-15 21:20:04,242 [INFO] PluginManager:220 - loadIPPluginJar : add ltdc
2025-10-15 21:20:04,283 [INFO] IPUIPlugin:80 - create IPUIPlugin
2025-10-15 21:20:04,283 [INFO] PluginManager:220 - loadIPPluginJar : add mdma
2025-10-15 21:20:04,314 [INFO] IPUIPlugin:80 - create IPUIPlugin
2025-10-15 21:20:04,315 [INFO] PluginManager:220 - loadIPPluginJar : add nvic
2025-10-15 21:20:04,421 [INFO] IPUIPlugin:80 - create IPUIPlugin
2025-10-15 21:20:04,421 [INFO] PluginManager:220 - loadIPPluginJar : add opamp
2025-10-15 21:20:04,606 [INFO] IPUIPlugin:80 - create IPUIPlugin
2025-10-15 21:20:04,607 [INFO] PluginManager:220 - loadIPPluginJar : add openamp
2025-10-15 21:20:04,735 [INFO] IPUIPlugin:80 - create IPUIPlugin
2025-10-15 21:20:04,735 [INFO] PluginManager:220 - loadIPPluginJar : add pdm2pcm
2025-10-15 21:20:04,778 [INFO] IPUIPlugin:80 - create IPUIPlugin
2025-10-15 21:20:04,783 [INFO] PluginManager:220 - loadIPPluginJar : add plateformsettings
2025-10-15 21:20:04,857 [INFO] IPUIPlugin:80 - create IPUIPlugin
2025-10-15 21:20:04,858 [INFO] PluginManager:220 - loadIPPluginJar : add quadspi
2025-10-15 21:20:04,939 [INFO] IPUIPlugin:80 - create IPUIPlugin
2025-10-15 21:20:04,940 [INFO] PluginManager:220 - loadIPPluginJar : add radio
2025-10-15 21:20:04,973 [INFO] IPUIPlugin:80 - create IPUIPlugin
2025-10-15 21:20:04,973 [INFO] PluginManager:220 - loadIPPluginJar : add resmgrutility
2025-10-15 21:20:05,101 [INFO] IPUIPlugin:80 - create IPUIPlugin
2025-10-15 21:20:05,101 [INFO] PluginManager:220 - loadIPPluginJar : add sai
2025-10-15 21:20:05,208 [INFO] IPUIPlugin:80 - create IPUIPlugin
2025-10-15 21:20:05,209 [INFO] PluginManager:220 - loadIPPluginJar : add spi
2025-10-15 21:20:05,417 [INFO] IPUIPlugin:80 - create IPUIPlugin
2025-10-15 21:20:05,417 [INFO] PluginManager:220 - loadIPPluginJar : add stm32_wpan
2025-10-15 21:20:05,487 [INFO] IPUIPlugin:80 - create IPUIPlugin
2025-10-15 21:20:05,487 [INFO] PluginManager:220 - loadIPPluginJar : add tim
2025-10-15 21:20:05,656 [INFO] IPUIPlugin:80 - create IPUIPlugin
2025-10-15 21:20:05,656 [INFO] PluginManager:220 - loadIPPluginJar : add touchsensing
2025-10-15 21:20:05,721 [INFO] IPUIPlugin:80 - create IPUIPlugin
2025-10-15 21:20:05,721 [INFO] PluginManager:220 - loadIPPluginJar : add tracer_emb
2025-10-15 21:20:05,778 [INFO] ThirdPartyUpdaterWithRetryManager:70 - Updater plugin not ready yet. [3/15]
2025-10-15 21:20:05,798 [INFO] IPUIPlugin:80 - create IPUIPlugin
2025-10-15 21:20:05,799 [INFO] PluginManager:220 - loadIPPluginJar : add ts
2025-10-15 21:20:05,864 [INFO] IPUIPlugin:80 - create IPUIPlugin
2025-10-15 21:20:05,865 [INFO] PluginManager:220 - loadIPPluginJar : add tsc
2025-10-15 21:20:05,925 [INFO] IPUIPlugin:80 - create IPUIPlugin
2025-10-15 21:20:05,925 [INFO] PluginManager:220 - loadIPPluginJar : add ucpd
2025-10-15 21:20:06,052 [INFO] IPUIPlugin:80 - create IPUIPlugin
2025-10-15 21:20:06,052 [INFO] PluginManager:220 - loadIPPluginJar : add usart
2025-10-15 21:20:06,180 [INFO] IPUIPlugin:80 - create IPUIPlugin
2025-10-15 21:20:06,180 [INFO] PluginManager:220 - loadIPPluginJar : add usbx
2025-10-15 21:20:06,369 [FATAL] Updater:351 - Updater called before beeing initialized
2025-10-15 21:20:06,444 [INFO] RulesReader:64 - Compatibility file has been processed (302 Rules)
2025-10-15 21:20:06,472 [INFO] RulesReader:64 - Compatibility file has been processed (302 Rules)
2025-10-15 21:20:06,492 [INFO] CADModel:165 - CPN selected for project level
2025-10-15 21:20:06,492 [INFO] CADModel:114 - Register for checkConnection events
2025-10-15 21:20:06,492 [FATAL] Updater:351 - Updater called before beeing initialized
2025-10-15 21:20:06,492 [ERROR] CADModel:125 - Updater not yet initialized, retry later 
2025-10-15 21:20:06,813 [FATAL] Updater:351 - Updater called before beeing initialized
2025-10-15 21:20:06,817 [INFO] CADModel:165 - CPN selected for project level
2025-10-15 21:20:06,817 [INFO] CADModel:114 - Register for checkConnection events
2025-10-15 21:20:06,818 [FATAL] Updater:351 - Updater called before beeing initialized
2025-10-15 21:20:06,818 [ERROR] CADModel:125 - Updater not yet initialized, retry later 
2025-10-15 21:20:06,825 [FATAL] Updater:351 - Updater called before beeing initialized
2025-10-15 21:20:07,030 [FATAL] Updater:351 - Updater called before beeing initialized
2025-10-15 21:20:07,052 [INFO] DbMcusAds:53 - JSON generation date=Tue Jul 08 11:14:23 MSK 2025 (1751962463593)
2025-10-15 21:20:07,052 [FATAL] Updater:351 - Updater called before beeing initialized
2025-10-15 21:20:07,224 [WARN] DetailPanel:346 - Failed to get advertising image, set to default
2025-10-15 21:20:07,733 [FATAL] Updater:351 - Updater called before beeing initialized
2025-10-15 21:20:07,736 [FATAL] Updater:351 - Updater called before beeing initialized
2025-10-15 21:20:07,737 [FATAL] Updater:351 - Updater called before beeing initialized
2025-10-15 21:20:07,737 [WARN] DetailPanel:346 - Failed to get advertising image, set to default
2025-10-15 21:20:07,738 [FATAL] Updater:351 - Updater called before beeing initialized
2025-10-15 21:20:07,859 [ERROR] Updater:1198 - MainUpdater not yet initialized. External WinMGr cannot be set.
2025-10-15 21:20:07,882 [INFO] Updater:1134 - Updater Version found : 6.14.1
2025-10-15 21:20:07,913 [INFO] ApplicationProperties:184 - Using Application install path: D:\Application\CubeIDE\STM32CubeIDE_1.18.1\STM32CubeIDE\plugins\com.st.stm32cube.common.mx_6.14.1.202504091515
2025-10-15 21:20:08,779 [INFO] ThirdPartyUpdaterWithRetryManager:70 - Updater plugin not ready yet. [4/15]
2025-10-15 21:20:10,140 [ERROR] CheckConnectionManager:249 - Problem, Http access forbiden
2025-10-15 21:20:10,153 [INFO] MainUpdater:2872 - connection check result : 22
2025-10-15 21:20:10,155 [INFO] MainUpdater:289 - Updater Check For Update Now.
2025-10-15 21:20:10,155 [INFO] MicroXplorer:498 - Change Database Version : DB.6.0.141
2025-10-15 21:20:10,200 [INFO] McuFinderGlobals:63 - Set McuFinder mode to 2 (CubeIDE integrated)
2025-10-15 21:20:10,201 [INFO] UserAuth:171 - activating auth plugin
2025-10-15 21:20:10,207 [INFO] UserAuth:484 - Internet connection configuration mode: 2
2025-10-15 21:20:10,252 [INFO] UserAuth:484 - Internet connection configuration mode: 2
2025-10-15 21:20:10,556 [INFO] CheckServerUpdateThread:120 - End of CheckServer Thread
2025-10-15 21:20:12,252 [WARN] PackLoader:240 - Cannot read IP mode file for STMicroelectronics.FP-SNS-MOTENVWB1.1.4.0
2025-10-15 21:20:12,297 [WARN] PackLoader:240 - Cannot read IP mode file for STMicroelectronics.FP-ATR-ASTRA1.2.0.2
2025-10-15 21:20:12,335 [WARN] PackLoader:240 - Cannot read IP mode file for STMicroelectronics.X-CUBE-SMBUS.2.1.0
2025-10-15 21:20:12,370 [WARN] PackLoader:240 - Cannot read IP mode file for STMicroelectronics.X-CUBE-WB05N.1.1.0
2025-10-15 21:20:12,461 [WARN] PackLoader:240 - Cannot read IP mode file for STMicroelectronics.X-CUBE-AZRTOS-F7.1.1.0
2025-10-15 21:20:12,536 [WARN] PackLoader:240 - Cannot read IP mode file for Infineon.AIROC-Wi-Fi-Bluetooth-STM32.1.7.0
2025-10-15 21:20:12,592 [WARN] PackLoader:240 - Cannot read IP mode file for STMicroelectronics.X-CUBE-DISPLAY.3.0.0
2025-10-15 21:20:12,632 [WARN] PackLoader:240 - Cannot read IP mode file for STMicroelectronics.X-CUBE-NFC10.1.0.0
2025-10-15 21:20:12,675 [WARN] PackLoader:240 - Cannot read IP mode file for STMicroelectronics.X-CUBE-BLEMGR.4.0.0
2025-10-15 21:20:12,741 [WARN] PackLoader:240 - Cannot read IP mode file for emotas.I-CUBE-CANOPEN.1.3.0
2025-10-15 21:20:12,787 [WARN] ConditionMgr:438 - getConditionDescription Invalid condition id : Cortex-A Device cause : null
2025-10-15 21:20:12,853 [WARN] ConditionMgr:1044 - genDependencies : Invalid condition id : Cortex-A Device cause : null
2025-10-15 21:20:12,853 [WARN] ConditionMgr:1044 - genDependencies : Invalid condition id : Cortex-A Device cause : null
2025-10-15 21:20:12,854 [WARN] ConditionMgr:1044 - genDependencies : Invalid condition id : Cortex-A Device cause : null
2025-10-15 21:20:12,890 [WARN] PackLoader:240 - Cannot read IP mode file for STMicroelectronics.X-CUBE-AI.10.0.0
2025-10-15 21:20:12,921 [WARN] PackLoader:240 - Cannot read IP mode file for STMicroelectronics.FP-SNS-SMARTAG2.1.2.0
2025-10-15 21:20:12,948 [WARN] PackLoader:240 - Cannot read IP mode file for STMicroelectronics.FP-SNS-FLIGHT1.5.1.0
2025-10-15 21:20:13,046 [WARN] PackLoader:240 - Cannot read IP mode file for STMicroelectronics.X-CUBE-MEMS1.11.1.0
2025-10-15 21:20:13,287 [INFO] LogOutputStream:77 - [STDOUT_REDIRECT] 1 : Invalid condition id : UX_CORESTACK_Condition cause : null
2025-10-15 21:20:13,288 [INFO] LogOutputStream:77 - [STDOUT_REDIRECT] 1 : Invalid condition id : UX_CORESTACK_Condition cause : null
2025-10-15 21:20:13,290 [INFO] LogOutputStream:77 - [STDOUT_REDIRECT] 1 : Invalid condition id : UX_CORESTACK_Condition cause : null
2025-10-15 21:20:13,292 [INFO] LogOutputStream:77 - [STDOUT_REDIRECT] 1 : Invalid condition id : UX_CORESTACK_Condition cause : null
2025-10-15 21:20:13,294 [INFO] LogOutputStream:77 - [STDOUT_REDIRECT] 1 : Invalid condition id : UX_CORESTACK_Condition cause : null
2025-10-15 21:20:13,299 [WARN] PackLoader:240 - Cannot read IP mode file for STMicroelectronics.X-CUBE-AZRTOS-WL.2.0.0
2025-10-15 21:20:13,331 [WARN] PackLoader:240 - Cannot read IP mode file for STMicroelectronics.FP-SNS-MOTENV1.5.0.0
2025-10-15 21:20:13,363 [WARN] PackLoader:240 - Cannot read IP mode file for WES.I-CUBE-Cesium.1.3.0
2025-10-15 21:20:13,389 [WARN] PackLoader:240 - Cannot read IP mode file for STMicroelectronics.X-CUBE-BLE2.3.3.0
2025-10-15 21:20:13,419 [WARN] PackLoader:240 - Cannot read IP mode file for STMicroelectronics.X-CUBE-NFC9.1.0.0
2025-10-15 21:20:13,449 [WARN] PackLoader:240 - Cannot read IP mode file for STMicroelectronics.X-CUBE-BLE1.7.1.0
2025-10-15 21:20:13,480 [WARN] PackLoader:240 - Cannot read IP mode file for wolfSSL.I-CUBE-wolfMQTT.1.19.2
2025-10-15 21:20:13,589 [WARN] PackLoader:240 - Cannot read IP mode file for STMicroelectronics.X-CUBE-MEMS1.11.2.0
2025-10-15 21:20:13,803 [WARN] PackLoader:240 - Cannot read IP mode file for STMicroelectronics.X-CUBE-AZRTOS-G0.1.1.0
2025-10-15 21:20:13,842 [WARN] PackLoader:240 - Cannot read IP mode file for STMicroelectronics.X-CUBE-SAFEA1.1.2.2
2025-10-15 21:20:13,877 [WARN] PackLoader:240 - Cannot read IP mode file for STMicroelectronics.X-CUBE-NFC4.3.0.0
2025-10-15 21:20:13,919 [WARN] PackLoader:240 - Cannot read IP mode file for EmbeddedOffice.I-CUBE-FS-RTOS.1.0.1
2025-10-15 21:20:13,953 [WARN] PackLoader:240 - Cannot read IP mode file for STMicroelectronics.X-CUBE-WB05N.2.0.0
2025-10-15 21:20:13,984 [WARN] PackLoader:240 - Cannot read IP mode file for wolfSSL.I-CUBE-wolfTPM.3.8.0
2025-10-15 21:20:14,016 [WARN] PackLoader:240 - Cannot read IP mode file for STMicroelectronics.X-CUBE-TCPP.4.2.0
2025-10-15 21:20:14,044 [WARN] PackLoader:240 - Cannot read IP mode file for STMicroelectronics.FP-ATR-SIGFOX1.3.2.0
2025-10-15 21:20:14,074 [WARN] PackLoader:240 - Cannot read IP mode file for STMicroelectronics.X-CUBE-EEPRMA1.5.1.0
2025-10-15 21:20:14,099 [WARN] PackLoader:240 - Cannot read IP mode file for wolfSSL.I-CUBE-wolfSSL.5.7.6
2025-10-15 21:20:14,129 [WARN] PackLoader:240 - Cannot read IP mode file for ITTIA_DB.I-CUBE-ITTIADB.8.9.0
2025-10-15 21:20:14,192 [WARN] PackLoader:240 - Cannot read IP mode file for SEGGER.I-CUBE-embOS.1.3.1
2025-10-15 21:20:14,257 [WARN] PackLoader:240 - Cannot read IP mode file for STMicroelectronics.X-CUBE-ALGOBUILD.1.4.0
2025-10-15 21:20:14,343 [WARN] PackLoader:240 - Cannot read IP mode file for STMicroelectronics.X-CUBE-AZRTOS-F4.1.1.0
2025-10-15 21:20:14,373 [WARN] PackLoader:240 - Cannot read IP mode file for Avnet-IotConnect.X-CUBE-IoTC-DA16k-PMOD.1.0.0
2025-10-15 21:20:14,399 [WARN] PackLoader:240 - Cannot read IP mode file for STMicroelectronics.X-CUBE-ISPU.2.1.0
2025-10-15 21:20:14,453 [WARN] PackLoader:240 - Cannot read IP mode file for STMicroelectronics.X-CUBE-AZRTOS-L5.2.0.0
2025-10-15 21:20:14,485 [WARN] PackLoader:240 - Cannot read IP mode file for STMicroelectronics.X-CUBE-NFC6.3.1.0
2025-10-15 21:20:14,515 [WARN] PackLoader:240 - Cannot read IP mode file for STMicroelectronics.X-CUBE-FREERTOS.1.3.0
2025-10-15 21:20:14,543 [WARN] PackLoader:240 - Cannot read IP mode file for STMicroelectronics.X-CUBE-NFC7.1.0.1
2025-10-15 21:20:14,573 [WARN] PackLoader:240 - Cannot read IP mode file for STMicroelectronics.X-CUBE-DPower.1.3.0
2025-10-15 21:20:14,625 [WARN] ConditionMgr:438 - getConditionDescription Invalid condition id : LAN8742 Phy interface Condition cause : null
2025-10-15 21:20:14,627 [WARN] PackLoader:240 - Cannot read IP mode file for STMicroelectronics.X-CUBE-AZRTOS-L4.2.0.0
2025-10-15 21:20:14,629 [WARN] ConditionMgr:1044 - genDependencies : Invalid condition id : LAN8742 Phy interface Condition cause : null
2025-10-15 21:20:14,629 [WARN] ConditionMgr:1044 - genDependencies : Invalid condition id : LAN8742 Phy interface Condition cause : null
2025-10-15 21:20:14,630 [WARN] ConditionMgr:1044 - genDependencies : Invalid condition id : LAN8742 Phy interface Condition cause : null
2025-10-15 21:20:14,664 [WARN] PackLoader:240 - Cannot read IP mode file for STMicroelectronics.X-CUBE-SFXS2LP1.4.0.0
2025-10-15 21:20:14,726 [WARN] PackLoader:240 - Cannot read IP mode file for STMicroelectronics.X-CUBE-AZRTOS-H7.3.3.0
2025-10-15 21:20:14,778 [WARN] ConditionMgr:438 - getConditionDescription Invalid condition id : UX DEVICE CLASS RTOS Condition cause : null
2025-10-15 21:20:14,779 [WARN] ConditionMgr:438 - getConditionDescription Invalid condition id : UX DEVICE CLASS RTOS Condition cause : null
2025-10-15 21:20:14,781 [WARN] PackLoader:240 - Cannot read IP mode file for STMicroelectronics.X-CUBE-AZRTOS-WB.2.0.0
2025-10-15 21:20:14,781 [WARN] ConditionMgr:1044 - genDependencies : Invalid condition id : UX DEVICE CLASS RTOS Condition cause : null
2025-10-15 21:20:14,781 [WARN] ConditionMgr:1044 - genDependencies : Invalid condition id : UX DEVICE CLASS RTOS Condition cause : null
2025-10-15 21:20:14,782 [WARN] ConditionMgr:1044 - genDependencies : Invalid condition id : UX DEVICE CLASS RTOS Condition cause : null
2025-10-15 21:20:14,782 [WARN] ConditionMgr:1044 - genDependencies : Invalid condition id : UX DEVICE CLASS RTOS Condition cause : null
2025-10-15 21:20:14,782 [WARN] ConditionMgr:1044 - genDependencies : Invalid condition id : UX DEVICE CLASS RTOS Condition cause : null
2025-10-15 21:20:14,812 [WARN] PackLoader:240 - Cannot read IP mode file for STMicroelectronics.X-CUBE-GNSS1.7.0.1
2025-10-15 21:20:14,842 [WARN] PackLoader:240 - Cannot read IP mode file for STMicroelectronics.X-CUBE-TOUCHGFX.4.25.0
2025-10-15 21:20:14,870 [WARN] PackLoader:240 - Cannot read IP mode file for STMicroelectronics.FP-SNS-STBOX1.2.0.0
2025-10-15 21:20:14,910 [WARN] PackLoader:240 - Cannot read IP mode file for STMicroelectronics.X-CUBE-SUBG2.5.0.0
2025-10-15 21:20:14,978 [WARN] PackLoader:240 - Cannot read IP mode file for STMicroelectronics.X-CUBE-AZRTOS-H7RS.1.1.0
2025-10-15 21:20:15,010 [WARN] PackLoader:240 - Cannot read IP mode file for Cesanta.I-CUBE-Mongoose.7.13.0
2025-10-15 21:20:15,060 [WARN] PackLoader:240 - Cannot read IP mode file for STMicroelectronics.X-CUBE-AZRTOS-G4.2.0.0
2025-10-15 21:20:15,086 [WARN] PackLoader:240 - Cannot read IP mode file for wolfSSL.I-CUBE-wolfSSH.1.4.20
2025-10-15 21:20:15,124 [WARN] PackLoader:240 - Cannot read IP mode file for STMicroelectronics.X-CUBE-IPS.3.1.0
2025-10-15 21:20:15,162 [WARN] PackLoader:240 - Cannot read IP mode file for STMicroelectronics.X-CUBE-ALS.1.0.2
2025-10-15 21:20:15,191 [WARN] PackLoader:240 - Cannot read IP mode file for portGmbH.I-Cube-SoM-uGOAL.1.1.0
2025-10-15 21:20:15,231 [WARN] PackLoader:240 - Cannot read IP mode file for STMicroelectronics.X-CUBE-TOF1.3.4.2
2025-10-15 21:20:15,286 [WARN] PackLoader:240 - Cannot read IP mode file for STMicroelectronics.X-CUBE-TOF1.3.4.3
2025-10-15 21:20:15,303 [INFO] ThirdParty:978 - Integrity check success = true
2025-10-15 21:20:15,303 [INFO] IntegrityCheckThread:100 - exiting critical section [integrity check]
2025-10-15 21:20:15,303 [INFO] IntegrityCheckThread:103 - End integrity checks thread
