2025-12-11 14:01:10,414 [INFO] Activator:176 - 


2025-12-11 14:01:10,438 [INFO] Activator:177 - !SESSION log4j initialized
2025-12-11 14:01:21,561 [INFO] LogOutputStream:77 - [STDOUT_REDIRECT] 
2025-12-11 14:01:24,591 [INFO] ApplicationProperties:184 - Using Application install path: D:\Application\CubeIDE\STM32CubeIDE_1.18.1\STM32CubeIDE\plugins\com.st.stm32cube.common.mx_6.14.1.202504091515
2025-12-11 14:01:24,660 [INFO] DbMcusXml:78 - Set database path to: D:\Application\CubeIDE\STM32CubeIDE_1.18.1\STM32CubeIDE\plugins\com.st.stm32cube.common.mx_6.14.1.202504091515\\db\/mcu/
2025-12-11 14:01:24,660 [INFO] ApiDb:274 - Set plugin database path to: D:\Application\CubeIDE\STM32CubeIDE_1.18.1\STM32CubeIDE\plugins\com.st.stm32cube.common.mx_6.14.1.202504091515\\db\/plugins/boardmanager/
2025-12-11 14:01:24,662 [WARN] ApiDb:259 - Overriding images path with different value:  => D:\Application\CubeIDE\STM32CubeIDE_1.18.1\STM32CubeIDE\plugins\com.st.stm32cube.common.mx_6.14.1.202504091515\\db\/plugins/mcufinder/images/
2025-12-11 14:01:24,685 [INFO] ApiDb:250 - Set database path to: C:\Users\HP\.stmcufinder\plugins\mcufinder//mcu/
2025-12-11 14:01:24,690 [INFO] DbMcusAds:125 - Set database path to: C:\Users\HP\.stmcufinder\plugins\mcufinder//mcu/
2025-12-11 14:01:24,700 [INFO] CrossReferenceDbSqlite:203 - Set database path to: C:\Users\HP\.stmcufinder\plugins\mcufinder//mcu/cs/
2025-12-11 14:01:25,069 [INFO] RulesReader:64 - Compatibility file has been processed (302 Rules)
2025-12-11 14:01:25,280 [INFO] DbMcusXml:78 - Set database path to: D:\Application\CubeIDE\STM32CubeIDE_1.18.1\STM32CubeIDE\plugins\com.st.stm32cube.common.mx_6.14.1.202504091515\\db\/mcu/
2025-12-11 14:01:25,281 [INFO] ApiDb:274 - Set plugin database path to: D:\Application\CubeIDE\STM32CubeIDE_1.18.1\STM32CubeIDE\plugins\com.st.stm32cube.common.mx_6.14.1.202504091515\\db\/plugins/boardmanager/
2025-12-11 14:01:25,281 [INFO] ApiDb:261 - Set plugin images path to: D:\Application\CubeIDE\STM32CubeIDE_1.18.1\STM32CubeIDE\plugins\com.st.stm32cube.common.mx_6.14.1.202504091515\\db\/plugins/mcufinder/images/
2025-12-11 14:01:25,281 [WARN] DbFile:41 - Overriding database path with different value: C:\Users\HP\.stmcufinder\plugins\mcufinder/ => C:\Users\HP\.stmcufinder\plugins\mcufinder
2025-12-11 14:01:25,282 [INFO] ApiDb:250 - Set database path to: C:\Users\HP\.stmcufinder\plugins\mcufinder//mcu/
2025-12-11 14:01:25,282 [WARN] DbFile:41 - Overriding database path with different value: C:\Users\HP\.stmcufinder\plugins\mcufinder/ => C:\Users\HP\.stmcufinder\plugins\mcufinder
2025-12-11 14:01:25,282 [INFO] DbMcusAds:125 - Set database path to: C:\Users\HP\.stmcufinder\plugins\mcufinder//mcu/
2025-12-11 14:01:25,282 [WARN] DbFile:41 - Overriding database path with different value: C:\Users\HP\.stmcufinder\plugins\mcufinder/ => C:\Users\HP\.stmcufinder\plugins\mcufinder
2025-12-11 14:01:25,282 [WARN] DbFile:41 - Overriding database path with different value: C:\Users\HP\.stmcufinder\plugins\mcufinder/ => C:\Users\HP\.stmcufinder\plugins\mcufinder
2025-12-11 14:01:25,282 [INFO] CrossReferenceDbSqlite:203 - Set database path to: C:\Users\HP\.stmcufinder\plugins\mcufinder//mcu/cs/
2025-12-11 14:01:25,469 [INFO] MainPanel:272 - HeapMemory: 268435456
2025-12-11 14:01:25,646 [INFO] DbMcusXml:78 - Set database path to: D:\Application\CubeIDE\STM32CubeIDE_1.18.1\STM32CubeIDE\plugins\com.st.stm32cube.common.mx_6.14.1.202504091515\\db\/mcu/
2025-12-11 14:01:25,646 [INFO] ApiDb:274 - Set plugin database path to: D:\Application\CubeIDE\STM32CubeIDE_1.18.1\STM32CubeIDE\plugins\com.st.stm32cube.common.mx_6.14.1.202504091515\\db\/plugins/boardmanager/
2025-12-11 14:01:25,646 [INFO] ApiDb:261 - Set plugin images path to: D:\Application\CubeIDE\STM32CubeIDE_1.18.1\STM32CubeIDE\plugins\com.st.stm32cube.common.mx_6.14.1.202504091515\\db\/plugins/mcufinder/images/
2025-12-11 14:01:25,647 [WARN] DbFile:41 - Overriding database path with different value: C:\Users\HP\.stmcufinder\plugins\mcufinder/ => C:\Users\HP\.stmcufinder\plugins\mcufinder
2025-12-11 14:01:25,647 [INFO] ApiDb:250 - Set database path to: C:\Users\HP\.stmcufinder\plugins\mcufinder//mcu/
2025-12-11 14:01:25,647 [WARN] DbFile:41 - Overriding database path with different value: C:\Users\HP\.stmcufinder\plugins\mcufinder/ => C:\Users\HP\.stmcufinder\plugins\mcufinder
2025-12-11 14:01:25,647 [INFO] DbMcusAds:125 - Set database path to: C:\Users\HP\.stmcufinder\plugins\mcufinder//mcu/
2025-12-11 14:01:25,647 [WARN] DbFile:41 - Overriding database path with different value: C:\Users\HP\.stmcufinder\plugins\mcufinder/ => C:\Users\HP\.stmcufinder\plugins\mcufinder
2025-12-11 14:01:25,647 [WARN] DbFile:41 - Overriding database path with different value: C:\Users\HP\.stmcufinder\plugins\mcufinder/ => C:\Users\HP\.stmcufinder\plugins\mcufinder
2025-12-11 14:01:25,647 [INFO] CrossReferenceDbSqlite:203 - Set database path to: C:\Users\HP\.stmcufinder\plugins\mcufinder//mcu/cs/
2025-12-11 14:01:25,685 [INFO] ApplicationProperties:184 - Using Application install path: D:\Application\CubeIDE\STM32CubeIDE_1.18.1\STM32CubeIDE\plugins\com.st.stm32cube.common.mx_6.14.1.202504091515
2025-12-11 14:01:25,688 [INFO] PluginManage:196 - Search for loadable plugins [exclusion list=, ]
2025-12-11 14:01:25,690 [INFO] PluginManage:310 - Check plugin analytics
2025-12-11 14:01:26,142 [INFO] AnalyticsPlugin:253 - Accepted Software Licenses: 
2025-12-11 14:01:26,142 [INFO] AnalyticsPlugin:255 - Accepted CMSIS Pack Licenses: 
2025-12-11 14:01:26,143 [INFO] AnalyticsPlugin:257 - Accepted Firmware Licenses: FW.G4.1.6.0
2025-12-11 14:01:26,157 [INFO] PluginManage:359 - Loaded plugin analytics (category:tool,tabindex:-1)
2025-12-11 14:01:26,158 [INFO] PluginManage:310 - Check plugin cadmodel
2025-12-11 14:01:26,172 [INFO] CADModel:105 - Init CAD model plugin
2025-12-11 14:01:26,172 [INFO] PluginManage:359 - Loaded plugin cadmodel (category:power,tabindex:5)
2025-12-11 14:01:26,172 [INFO] PluginManage:310 - Check plugin clock
2025-12-11 14:01:26,214 [INFO] PluginManage:359 - Loaded plugin clock (category:base,tabindex:2)
2025-12-11 14:01:26,214 [INFO] PluginManage:310 - Check plugin ddr
2025-12-11 14:01:26,222 [INFO] PluginManage:359 - Loaded plugin ddr (category:tool,tabindex:6)
2025-12-11 14:01:26,222 [INFO] PluginManage:310 - Check plugin filemanager
2025-12-11 14:01:26,585 [INFO] PluginManage:359 - Loaded plugin filemanager (category:base,tabindex:10)
2025-12-11 14:01:26,586 [INFO] PluginManage:310 - Check plugin ipmanager
2025-12-11 14:01:26,604 [INFO] PluginManage:359 - Loaded plugin ipmanager (category:base,tabindex:5)
2025-12-11 14:01:26,604 [INFO] PluginManage:310 - Check plugin lpbam
2025-12-11 14:01:26,619 [INFO] PluginManage:359 - Loaded plugin lpbam (category:base,tabindex:0)
2025-12-11 14:01:26,619 [INFO] PluginManage:310 - Check plugin memorymap
2025-12-11 14:01:26,644 [INFO] PluginManage:359 - Loaded plugin memorymap (category:base,tabindex:4)
2025-12-11 14:01:26,644 [INFO] PluginManage:310 - Check plugin pinoutandconfiguration
2025-12-11 14:01:26,659 [INFO] PluginManage:359 - Loaded plugin pinoutandconfiguration (category:base,tabindex:1)
2025-12-11 14:01:26,659 [INFO] PluginManage:310 - Check plugin pinoutconfig
2025-12-11 14:01:26,827 [WARN] SupportedApi:132 - Cannot load RTOS API schema: s4s-elt-must-match.1: The content of 'definitions' must match (annotation?, (simpleType | complexType)?, (unique | key | keyref)*)). A problem was found starting at: attribute.
2025-12-11 14:01:27,093 [INFO] PluginManage:359 - Loaded plugin pinoutconfig (category:base,tabindex:0)
2025-12-11 14:01:27,093 [INFO] PluginManage:310 - Check plugin power
2025-12-11 14:01:27,110 [INFO] PluginManage:359 - Loaded plugin power (category:power,tabindex:4)
2025-12-11 14:01:27,110 [INFO] PluginManage:310 - Check plugin projectmanager
2025-12-11 14:01:27,141 [INFO] PluginManage:359 - Loaded plugin projectmanager (category:projectmanager,tabindex:4)
2025-12-11 14:01:27,141 [INFO] PluginManage:310 - Check plugin rif
2025-12-11 14:01:27,155 [INFO] PluginManage:359 - Loaded plugin rif (category:base,tabindex:3)
2025-12-11 14:01:27,155 [INFO] PluginManage:310 - Check plugin thirdparty
2025-12-11 14:01:27,432 [WARN] IntegrityCheckThread:84 - waiting for thirdparty lock release [integrity check]
2025-12-11 14:01:27,432 [INFO] IntegrityCheckThread:86 - entering critical section [integrity check]
2025-12-11 14:01:27,432 [INFO] PluginManage:359 - Loaded plugin thirdparty (category:base,tabindex:-1)
2025-12-11 14:01:27,433 [INFO] PluginManage:310 - Check plugin tools
2025-12-11 14:01:27,433 [INFO] ThirdPartyUpdaterWithRetryManager:70 - Updater plugin not ready yet. [1/15]
2025-12-11 14:01:27,438 [INFO] PluginManage:359 - Loaded plugin tools (category:base,tabindex:7)
2025-12-11 14:01:27,438 [INFO] PluginManage:310 - Check plugin tutovideos
2025-12-11 14:01:27,791 [INFO] PluginManage:359 - Loaded plugin tutovideos (category:base,tabindex:-1)
2025-12-11 14:01:27,791 [INFO] PluginManage:310 - Check plugin updater
2025-12-11 14:01:27,833 [INFO] PluginManage:359 - Loaded plugin updater (category:base,tabindex:12)
2025-12-11 14:01:27,834 [INFO] PluginManage:310 - Check plugin userauth
2025-12-11 14:01:27,840 [INFO] UserAuth:118 - Init User Auth plugin
2025-12-11 14:01:27,841 [INFO] PluginManage:359 - Loaded plugin userauth (category:base,tabindex:14)
2025-12-11 14:01:27,842 [INFO] PluginManage:283 - PluginManage : Loaded plugins [18]
2025-12-11 14:01:28,313 [INFO] PinOutPanel:1589 - setPackage(No Configuration,No Configuration)
2025-12-11 14:01:28,544 [INFO] CADModel:165 - CPN selected for project level
2025-12-11 14:01:28,544 [INFO] CADModel:114 - Register for checkConnection events
2025-12-11 14:01:28,580 [INFO] IPUIPlugin:80 - create IPUIPlugin
2025-12-11 14:01:28,581 [INFO] PluginManager:220 - loadIPPluginJar : add adc
2025-12-11 14:01:28,585 [INFO] IPUIPlugin:80 - create IPUIPlugin
2025-12-11 14:01:28,586 [INFO] PluginManager:220 - loadIPPluginJar : add aes
2025-12-11 14:01:28,590 [INFO] IPUIPlugin:80 - create IPUIPlugin
2025-12-11 14:01:28,591 [INFO] PluginManager:220 - loadIPPluginJar : add can
2025-12-11 14:01:28,594 [INFO] IPUIPlugin:80 - create IPUIPlugin
2025-12-11 14:01:28,594 [INFO] PluginManager:220 - loadIPPluginJar : add comp
2025-12-11 14:01:28,599 [INFO] IPUIPlugin:80 - create IPUIPlugin
2025-12-11 14:01:28,599 [INFO] PluginManager:220 - loadIPPluginJar : add cryp
2025-12-11 14:01:28,635 [INFO] IPUIPlugin:80 - create IPUIPlugin
2025-12-11 14:01:28,636 [INFO] PluginManager:220 - loadIPPluginJar : add ddr_ctrl_phy
2025-12-11 14:01:28,642 [INFO] IPUIPlugin:80 - create IPUIPlugin
2025-12-11 14:01:28,642 [INFO] PluginManager:220 - loadIPPluginJar : add dfsdm
2025-12-11 14:01:28,652 [INFO] IPUIPlugin:80 - create IPUIPlugin
2025-12-11 14:01:28,653 [INFO] PluginManager:220 - loadIPPluginJar : add dma
2025-12-11 14:01:28,658 [INFO] IPUIPlugin:80 - create IPUIPlugin
2025-12-11 14:01:28,658 [INFO] PluginManager:220 - loadIPPluginJar : add dma3
2025-12-11 14:01:28,663 [INFO] IPUIPlugin:80 - create IPUIPlugin
2025-12-11 14:01:28,664 [INFO] PluginManager:220 - loadIPPluginJar : add extmemmanager
2025-12-11 14:01:28,667 [INFO] IPUIPlugin:80 - create IPUIPlugin
2025-12-11 14:01:28,667 [INFO] PluginManager:220 - loadIPPluginJar : add fatfs
2025-12-11 14:01:28,675 [INFO] IPUIPlugin:80 - create IPUIPlugin
2025-12-11 14:01:28,676 [INFO] PluginManager:220 - loadIPPluginJar : add fmc
2025-12-11 14:01:28,686 [INFO] IPUIPlugin:80 - create IPUIPlugin
2025-12-11 14:01:28,686 [INFO] PluginManager:220 - loadIPPluginJar : add freertos
2025-12-11 14:01:28,689 [INFO] IPUIPlugin:80 - create IPUIPlugin
2025-12-11 14:01:28,689 [INFO] PluginManager:220 - loadIPPluginJar : add genericplugin
2025-12-11 14:01:28,693 [INFO] IPUIPlugin:80 - create IPUIPlugin
2025-12-11 14:01:28,694 [INFO] PluginManager:220 - loadIPPluginJar : add gfxmmu
2025-12-11 14:01:28,702 [INFO] IPUIPlugin:80 - create IPUIPlugin
2025-12-11 14:01:28,702 [INFO] PluginManager:220 - loadIPPluginJar : add gic
2025-12-11 14:01:28,709 [INFO] IPUIPlugin:80 - create IPUIPlugin
2025-12-11 14:01:28,709 [INFO] PluginManager:220 - loadIPPluginJar : add gpio
2025-12-11 14:01:28,714 [INFO] IPUIPlugin:80 - create IPUIPlugin
2025-12-11 14:01:28,714 [INFO] PluginManager:220 - loadIPPluginJar : add gtzc
2025-12-11 14:01:28,718 [INFO] IPUIPlugin:80 - create IPUIPlugin
2025-12-11 14:01:28,718 [INFO] PluginManager:220 - loadIPPluginJar : add hash
2025-12-11 14:01:28,723 [INFO] IPUIPlugin:80 - create IPUIPlugin
2025-12-11 14:01:28,723 [INFO] PluginManager:220 - loadIPPluginJar : add i2c
2025-12-11 14:01:28,728 [INFO] IPUIPlugin:80 - create IPUIPlugin
2025-12-11 14:01:28,728 [INFO] PluginManager:220 - loadIPPluginJar : add i2s
2025-12-11 14:01:28,733 [INFO] IPUIPlugin:80 - create IPUIPlugin
2025-12-11 14:01:28,733 [INFO] PluginManager:220 - loadIPPluginJar : add i3c
2025-12-11 14:01:28,739 [INFO] IPUIPlugin:80 - create IPUIPlugin
2025-12-11 14:01:28,740 [INFO] PluginManager:220 - loadIPPluginJar : add ipddr
2025-12-11 14:01:28,750 [INFO] IPUIPlugin:80 - create IPUIPlugin
2025-12-11 14:01:28,751 [INFO] PluginManager:220 - loadIPPluginJar : add linkedlist
2025-12-11 14:01:28,757 [INFO] IPUIPlugin:80 - create IPUIPlugin
2025-12-11 14:01:28,757 [INFO] PluginManager:220 - loadIPPluginJar : add lorawan
2025-12-11 14:01:28,759 [INFO] IPUIPlugin:80 - create IPUIPlugin
2025-12-11 14:01:28,760 [INFO] PluginManager:220 - loadIPPluginJar : add ltdc
2025-12-11 14:01:28,768 [INFO] IPUIPlugin:80 - create IPUIPlugin
2025-12-11 14:01:28,769 [INFO] PluginManager:220 - loadIPPluginJar : add mdma
2025-12-11 14:01:28,774 [INFO] IPUIPlugin:80 - create IPUIPlugin
2025-12-11 14:01:28,774 [INFO] PluginManager:220 - loadIPPluginJar : add nvic
2025-12-11 14:01:28,779 [INFO] IPUIPlugin:80 - create IPUIPlugin
2025-12-11 14:01:28,780 [INFO] PluginManager:220 - loadIPPluginJar : add opamp
2025-12-11 14:01:28,784 [INFO] IPUIPlugin:80 - create IPUIPlugin
2025-12-11 14:01:28,785 [INFO] PluginManager:220 - loadIPPluginJar : add openamp
2025-12-11 14:01:28,790 [INFO] IPUIPlugin:80 - create IPUIPlugin
2025-12-11 14:01:28,791 [INFO] PluginManager:220 - loadIPPluginJar : add pdm2pcm
2025-12-11 14:01:28,800 [INFO] IPUIPlugin:80 - create IPUIPlugin
2025-12-11 14:01:28,805 [INFO] PluginManager:220 - loadIPPluginJar : add plateformsettings
2025-12-11 14:01:28,808 [INFO] IPUIPlugin:80 - create IPUIPlugin
2025-12-11 14:01:28,809 [INFO] PluginManager:220 - loadIPPluginJar : add quadspi
2025-12-11 14:01:28,812 [INFO] IPUIPlugin:80 - create IPUIPlugin
2025-12-11 14:01:28,813 [INFO] PluginManager:220 - loadIPPluginJar : add radio
2025-12-11 14:01:28,819 [INFO] IPUIPlugin:80 - create IPUIPlugin
2025-12-11 14:01:28,819 [INFO] PluginManager:220 - loadIPPluginJar : add resmgrutility
2025-12-11 14:01:28,824 [INFO] IPUIPlugin:80 - create IPUIPlugin
2025-12-11 14:01:28,824 [INFO] PluginManager:220 - loadIPPluginJar : add sai
2025-12-11 14:01:28,828 [INFO] IPUIPlugin:80 - create IPUIPlugin
2025-12-11 14:01:28,829 [INFO] PluginManager:220 - loadIPPluginJar : add spi
2025-12-11 14:01:28,838 [INFO] IPUIPlugin:80 - create IPUIPlugin
2025-12-11 14:01:28,839 [INFO] PluginManager:220 - loadIPPluginJar : add stm32_wpan
2025-12-11 14:01:28,842 [INFO] IPUIPlugin:80 - create IPUIPlugin
2025-12-11 14:01:28,842 [INFO] PluginManager:220 - loadIPPluginJar : add tim
2025-12-11 14:01:28,848 [INFO] IPUIPlugin:80 - create IPUIPlugin
2025-12-11 14:01:28,848 [INFO] PluginManager:220 - loadIPPluginJar : add touchsensing
2025-12-11 14:01:28,852 [INFO] IPUIPlugin:80 - create IPUIPlugin
2025-12-11 14:01:28,852 [INFO] PluginManager:220 - loadIPPluginJar : add tracer_emb
2025-12-11 14:01:28,856 [INFO] IPUIPlugin:80 - create IPUIPlugin
2025-12-11 14:01:28,856 [INFO] PluginManager:220 - loadIPPluginJar : add ts
2025-12-11 14:01:28,859 [INFO] IPUIPlugin:80 - create IPUIPlugin
2025-12-11 14:01:28,860 [INFO] PluginManager:220 - loadIPPluginJar : add tsc
2025-12-11 14:01:28,865 [INFO] IPUIPlugin:80 - create IPUIPlugin
2025-12-11 14:01:28,866 [INFO] PluginManager:220 - loadIPPluginJar : add ucpd
2025-12-11 14:01:28,873 [INFO] IPUIPlugin:80 - create IPUIPlugin
2025-12-11 14:01:28,873 [INFO] PluginManager:220 - loadIPPluginJar : add usart
2025-12-11 14:01:28,880 [INFO] IPUIPlugin:80 - create IPUIPlugin
2025-12-11 14:01:28,880 [INFO] PluginManager:220 - loadIPPluginJar : add usbx
2025-12-11 14:01:29,090 [FATAL] Updater:351 - Updater called before beeing initialized
2025-12-11 14:01:29,140 [INFO] RulesReader:64 - Compatibility file has been processed (302 Rules)
2025-12-11 14:01:29,166 [INFO] RulesReader:64 - Compatibility file has been processed (302 Rules)
2025-12-11 14:01:29,184 [INFO] CADModel:165 - CPN selected for project level
2025-12-11 14:01:29,185 [INFO] CADModel:114 - Register for checkConnection events
2025-12-11 14:01:29,185 [FATAL] Updater:351 - Updater called before beeing initialized
2025-12-11 14:01:29,185 [ERROR] CADModel:125 - Updater not yet initialized, retry later 
2025-12-11 14:01:29,504 [FATAL] Updater:351 - Updater called before beeing initialized
2025-12-11 14:01:29,508 [INFO] CADModel:165 - CPN selected for project level
2025-12-11 14:01:29,508 [INFO] CADModel:114 - Register for checkConnection events
2025-12-11 14:01:29,508 [FATAL] Updater:351 - Updater called before beeing initialized
2025-12-11 14:01:29,508 [ERROR] CADModel:125 - Updater not yet initialized, retry later 
2025-12-11 14:01:29,515 [FATAL] Updater:351 - Updater called before beeing initialized
2025-12-11 14:01:29,793 [FATAL] Updater:351 - Updater called before beeing initialized
2025-12-11 14:01:29,799 [INFO] DbMcusAds:53 - JSON generation date=Tue Jul 08 11:14:23 MSK 2025 (1751962463593)
2025-12-11 14:01:29,800 [FATAL] Updater:351 - Updater called before beeing initialized
2025-12-11 14:01:29,872 [WARN] DetailPanel:346 - Failed to get advertising image, set to default
2025-12-11 14:01:30,388 [FATAL] Updater:351 - Updater called before beeing initialized
2025-12-11 14:01:30,397 [FATAL] Updater:351 - Updater called before beeing initialized
2025-12-11 14:01:30,397 [FATAL] Updater:351 - Updater called before beeing initialized
2025-12-11 14:01:30,398 [WARN] DetailPanel:346 - Failed to get advertising image, set to default
2025-12-11 14:01:30,399 [FATAL] Updater:351 - Updater called before beeing initialized
2025-12-11 14:01:30,434 [INFO] ThirdPartyUpdaterWithRetryManager:70 - Updater plugin not ready yet. [2/15]
2025-12-11 14:01:30,489 [ERROR] Updater:1198 - MainUpdater not yet initialized. External WinMGr cannot be set.
2025-12-11 14:01:30,492 [INFO] Updater:1134 - Updater Version found : 6.14.1
2025-12-11 14:01:30,522 [INFO] ApplicationProperties:184 - Using Application install path: D:\Application\CubeIDE\STM32CubeIDE_1.18.1\STM32CubeIDE\plugins\com.st.stm32cube.common.mx_6.14.1.202504091515
2025-12-11 14:01:33,435 [FATAL] Updater:351 - Updater called before beeing initialized
2025-12-11 14:01:33,436 [ERROR] IntegrityCheckThread:130 - Cannot retrieve database content from updater: error 21
2025-12-11 14:01:33,436 [INFO] ThirdParty:978 - Integrity check success = false
2025-12-11 14:01:33,436 [INFO] IntegrityCheckThread:100 - exiting critical section [integrity check]
2025-12-11 14:01:33,436 [INFO] IntegrityCheckThread:103 - End integrity checks thread
2025-12-11 14:01:33,966 [ERROR] CheckConnectionManager:249 - Problem, Http access forbiden
2025-12-11 14:01:33,972 [INFO] MainUpdater:2872 - connection check result : 22
2025-12-11 14:01:33,974 [INFO] MainUpdater:289 - Updater Check For Update Now.
2025-12-11 14:01:33,974 [INFO] MicroXplorer:498 - Change Database Version : DB.6.0.141
2025-12-11 14:01:33,990 [INFO] McuFinderGlobals:63 - Set McuFinder mode to 2 (CubeIDE integrated)
2025-12-11 14:01:33,991 [INFO] UserAuth:171 - activating auth plugin
2025-12-11 14:01:34,001 [INFO] UserAuth:484 - Internet connection configuration mode: 2
2025-12-11 14:01:34,048 [INFO] UserAuth:484 - Internet connection configuration mode: 2
2025-12-11 14:01:34,282 [INFO] CheckServerUpdateThread:120 - End of CheckServer Thread
2025-12-11 15:41:30,408 [ERROR] ConfigurationRetriever:142 - IOException on connection: Connect timed out
2025-12-11 15:41:35,877 [ERROR] ConfigurationRetriever:142 - IOException on connection: Read timed out
2025-12-11 15:41:42,010 [ERROR] ConfigurationRetriever:142 - IOException on connection: Read timed out
2025-12-11 15:41:45,734 [ERROR] ConfigurationRetriever:142 - IOException on connection: Read timed out
2025-12-11 15:41:49,193 [ERROR] ConfigurationRetriever:142 - IOException on connection: Read timed out
2025-12-11 15:44:48,139 [INFO] Activator:176 - 


2025-12-11 15:44:48,143 [INFO] Activator:177 - !SESSION log4j initialized
2025-12-11 15:44:57,480 [INFO] LogOutputStream:77 - [STDOUT_REDIRECT] 
2025-12-11 15:44:58,169 [ERROR] ConfigurationRetriever:142 - IOException on connection: sw-center.st.com
2025-12-11 15:44:58,171 [ERROR] ConfigurationRetriever:142 - IOException on connection: sw-center.st.com
2025-12-11 15:44:58,172 [ERROR] ConfigurationRetriever:142 - IOException on connection: sw-center.st.com
2025-12-11 15:44:59,968 [INFO] ApplicationProperties:184 - Using Application install path: D:\Application\CubeIDE\STM32CubeIDE_1.18.1\STM32CubeIDE\plugins\com.st.stm32cube.common.mx_6.14.1.202504091515
2025-12-11 15:44:59,997 [INFO] DbMcusXml:78 - Set database path to: D:\Application\CubeIDE\STM32CubeIDE_1.18.1\STM32CubeIDE\plugins\com.st.stm32cube.common.mx_6.14.1.202504091515\\db\/mcu/
2025-12-11 15:44:59,997 [INFO] ApiDb:274 - Set plugin database path to: D:\Application\CubeIDE\STM32CubeIDE_1.18.1\STM32CubeIDE\plugins\com.st.stm32cube.common.mx_6.14.1.202504091515\\db\/plugins/boardmanager/
2025-12-11 15:44:59,998 [WARN] ApiDb:259 - Overriding images path with different value:  => D:\Application\CubeIDE\STM32CubeIDE_1.18.1\STM32CubeIDE\plugins\com.st.stm32cube.common.mx_6.14.1.202504091515\\db\/plugins/mcufinder/images/
2025-12-11 15:45:00,011 [INFO] ApiDb:250 - Set database path to: C:\Users\HP\.stmcufinder\plugins\mcufinder//mcu/
2025-12-11 15:45:00,013 [INFO] DbMcusAds:125 - Set database path to: C:\Users\HP\.stmcufinder\plugins\mcufinder//mcu/
2025-12-11 15:45:00,017 [INFO] CrossReferenceDbSqlite:203 - Set database path to: C:\Users\HP\.stmcufinder\plugins\mcufinder//mcu/cs/
2025-12-11 15:45:00,209 [INFO] RulesReader:64 - Compatibility file has been processed (302 Rules)
2025-12-11 15:45:00,430 [INFO] DbMcusXml:78 - Set database path to: D:\Application\CubeIDE\STM32CubeIDE_1.18.1\STM32CubeIDE\plugins\com.st.stm32cube.common.mx_6.14.1.202504091515\\db\/mcu/
2025-12-11 15:45:00,430 [INFO] ApiDb:274 - Set plugin database path to: D:\Application\CubeIDE\STM32CubeIDE_1.18.1\STM32CubeIDE\plugins\com.st.stm32cube.common.mx_6.14.1.202504091515\\db\/plugins/boardmanager/
2025-12-11 15:45:00,431 [INFO] ApiDb:261 - Set plugin images path to: D:\Application\CubeIDE\STM32CubeIDE_1.18.1\STM32CubeIDE\plugins\com.st.stm32cube.common.mx_6.14.1.202504091515\\db\/plugins/mcufinder/images/
2025-12-11 15:45:00,431 [WARN] DbFile:41 - Overriding database path with different value: C:\Users\HP\.stmcufinder\plugins\mcufinder/ => C:\Users\HP\.stmcufinder\plugins\mcufinder
2025-12-11 15:45:00,431 [INFO] ApiDb:250 - Set database path to: C:\Users\HP\.stmcufinder\plugins\mcufinder//mcu/
2025-12-11 15:45:00,431 [WARN] DbFile:41 - Overriding database path with different value: C:\Users\HP\.stmcufinder\plugins\mcufinder/ => C:\Users\HP\.stmcufinder\plugins\mcufinder
2025-12-11 15:45:00,431 [INFO] DbMcusAds:125 - Set database path to: C:\Users\HP\.stmcufinder\plugins\mcufinder//mcu/
2025-12-11 15:45:00,431 [WARN] DbFile:41 - Overriding database path with different value: C:\Users\HP\.stmcufinder\plugins\mcufinder/ => C:\Users\HP\.stmcufinder\plugins\mcufinder
2025-12-11 15:45:00,432 [WARN] DbFile:41 - Overriding database path with different value: C:\Users\HP\.stmcufinder\plugins\mcufinder/ => C:\Users\HP\.stmcufinder\plugins\mcufinder
2025-12-11 15:45:00,432 [INFO] CrossReferenceDbSqlite:203 - Set database path to: C:\Users\HP\.stmcufinder\plugins\mcufinder//mcu/cs/
2025-12-11 15:45:00,648 [INFO] MainPanel:272 - HeapMemory: 268435456
2025-12-11 15:45:00,838 [INFO] DbMcusXml:78 - Set database path to: D:\Application\CubeIDE\STM32CubeIDE_1.18.1\STM32CubeIDE\plugins\com.st.stm32cube.common.mx_6.14.1.202504091515\\db\/mcu/
2025-12-11 15:45:00,838 [INFO] ApiDb:274 - Set plugin database path to: D:\Application\CubeIDE\STM32CubeIDE_1.18.1\STM32CubeIDE\plugins\com.st.stm32cube.common.mx_6.14.1.202504091515\\db\/plugins/boardmanager/
2025-12-11 15:45:00,838 [INFO] ApiDb:261 - Set plugin images path to: D:\Application\CubeIDE\STM32CubeIDE_1.18.1\STM32CubeIDE\plugins\com.st.stm32cube.common.mx_6.14.1.202504091515\\db\/plugins/mcufinder/images/
2025-12-11 15:45:00,839 [WARN] DbFile:41 - Overriding database path with different value: C:\Users\HP\.stmcufinder\plugins\mcufinder/ => C:\Users\HP\.stmcufinder\plugins\mcufinder
2025-12-11 15:45:00,839 [INFO] ApiDb:250 - Set database path to: C:\Users\HP\.stmcufinder\plugins\mcufinder//mcu/
2025-12-11 15:45:00,839 [WARN] DbFile:41 - Overriding database path with different value: C:\Users\HP\.stmcufinder\plugins\mcufinder/ => C:\Users\HP\.stmcufinder\plugins\mcufinder
2025-12-11 15:45:00,839 [INFO] DbMcusAds:125 - Set database path to: C:\Users\HP\.stmcufinder\plugins\mcufinder//mcu/
2025-12-11 15:45:00,839 [WARN] DbFile:41 - Overriding database path with different value: C:\Users\HP\.stmcufinder\plugins\mcufinder/ => C:\Users\HP\.stmcufinder\plugins\mcufinder
2025-12-11 15:45:00,839 [WARN] DbFile:41 - Overriding database path with different value: C:\Users\HP\.stmcufinder\plugins\mcufinder/ => C:\Users\HP\.stmcufinder\plugins\mcufinder
2025-12-11 15:45:00,840 [INFO] CrossReferenceDbSqlite:203 - Set database path to: C:\Users\HP\.stmcufinder\plugins\mcufinder//mcu/cs/
2025-12-11 15:45:00,877 [INFO] ApplicationProperties:184 - Using Application install path: D:\Application\CubeIDE\STM32CubeIDE_1.18.1\STM32CubeIDE\plugins\com.st.stm32cube.common.mx_6.14.1.202504091515
2025-12-11 15:45:00,879 [INFO] PluginManage:196 - Search for loadable plugins [exclusion list=, ]
2025-12-11 15:45:00,881 [INFO] PluginManage:310 - Check plugin analytics
2025-12-11 15:45:01,208 [INFO] AnalyticsPlugin:253 - Accepted Software Licenses: 
2025-12-11 15:45:01,209 [INFO] AnalyticsPlugin:255 - Accepted CMSIS Pack Licenses: 
2025-12-11 15:45:01,209 [INFO] AnalyticsPlugin:257 - Accepted Firmware Licenses: FW.G4.1.6.0
2025-12-11 15:45:01,217 [ERROR] ConfigurationRetriever:142 - IOException on connection: sw-center.st.com
2025-12-11 15:45:01,218 [ERROR] ConfigurationRetriever:142 - IOException on connection: sw-center.st.com
2025-12-11 15:45:01,219 [ERROR] ConfigurationRetriever:142 - IOException on connection: sw-center.st.com
2025-12-11 15:45:01,219 [INFO] PluginManage:359 - Loaded plugin analytics (category:tool,tabindex:-1)
2025-12-11 15:45:01,220 [INFO] PluginManage:310 - Check plugin cadmodel
2025-12-11 15:45:01,230 [INFO] CADModel:105 - Init CAD model plugin
2025-12-11 15:45:01,231 [INFO] PluginManage:359 - Loaded plugin cadmodel (category:power,tabindex:5)
2025-12-11 15:45:01,231 [INFO] PluginManage:310 - Check plugin clock
2025-12-11 15:45:01,250 [INFO] PluginManage:359 - Loaded plugin clock (category:base,tabindex:2)
2025-12-11 15:45:01,251 [INFO] PluginManage:310 - Check plugin ddr
2025-12-11 15:45:01,255 [INFO] PluginManage:359 - Loaded plugin ddr (category:tool,tabindex:6)
2025-12-11 15:45:01,256 [INFO] PluginManage:310 - Check plugin filemanager
2025-12-11 15:45:01,523 [INFO] PluginManage:359 - Loaded plugin filemanager (category:base,tabindex:10)
2025-12-11 15:45:01,523 [INFO] PluginManage:310 - Check plugin ipmanager
2025-12-11 15:45:01,540 [INFO] PluginManage:359 - Loaded plugin ipmanager (category:base,tabindex:5)
2025-12-11 15:45:01,540 [INFO] PluginManage:310 - Check plugin lpbam
2025-12-11 15:45:01,554 [INFO] PluginManage:359 - Loaded plugin lpbam (category:base,tabindex:0)
2025-12-11 15:45:01,555 [INFO] PluginManage:310 - Check plugin memorymap
2025-12-11 15:45:01,577 [INFO] PluginManage:359 - Loaded plugin memorymap (category:base,tabindex:4)
2025-12-11 15:45:01,577 [INFO] PluginManage:310 - Check plugin pinoutandconfiguration
2025-12-11 15:45:01,595 [INFO] PluginManage:359 - Loaded plugin pinoutandconfiguration (category:base,tabindex:1)
2025-12-11 15:45:01,595 [INFO] PluginManage:310 - Check plugin pinoutconfig
2025-12-11 15:45:01,757 [WARN] SupportedApi:132 - Cannot load RTOS API schema: s4s-elt-must-match.1: The content of 'definitions' must match (annotation?, (simpleType | complexType)?, (unique | key | keyref)*)). A problem was found starting at: attribute.
2025-12-11 15:45:01,984 [INFO] PluginManage:359 - Loaded plugin pinoutconfig (category:base,tabindex:0)
2025-12-11 15:45:01,984 [INFO] PluginManage:310 - Check plugin power
2025-12-11 15:45:01,999 [INFO] PluginManage:359 - Loaded plugin power (category:power,tabindex:4)
2025-12-11 15:45:01,999 [INFO] PluginManage:310 - Check plugin projectmanager
2025-12-11 15:45:02,026 [INFO] PluginManage:359 - Loaded plugin projectmanager (category:projectmanager,tabindex:4)
2025-12-11 15:45:02,026 [INFO] PluginManage:310 - Check plugin rif
2025-12-11 15:45:02,038 [INFO] PluginManage:359 - Loaded plugin rif (category:base,tabindex:3)
2025-12-11 15:45:02,038 [INFO] PluginManage:310 - Check plugin thirdparty
2025-12-11 15:45:02,305 [INFO] PluginManage:359 - Loaded plugin thirdparty (category:base,tabindex:-1)
2025-12-11 15:45:02,304 [WARN] IntegrityCheckThread:84 - waiting for thirdparty lock release [integrity check]
2025-12-11 15:45:02,305 [INFO] PluginManage:310 - Check plugin tools
2025-12-11 15:45:02,305 [INFO] IntegrityCheckThread:86 - entering critical section [integrity check]
2025-12-11 15:45:02,306 [INFO] ThirdPartyUpdaterWithRetryManager:70 - Updater plugin not ready yet. [1/15]
2025-12-11 15:45:02,311 [INFO] PluginManage:359 - Loaded plugin tools (category:base,tabindex:7)
2025-12-11 15:45:02,312 [INFO] PluginManage:310 - Check plugin tutovideos
2025-12-11 15:45:02,611 [INFO] PluginManage:359 - Loaded plugin tutovideos (category:base,tabindex:-1)
2025-12-11 15:45:02,611 [INFO] PluginManage:310 - Check plugin updater
2025-12-11 15:45:02,656 [INFO] PluginManage:359 - Loaded plugin updater (category:base,tabindex:12)
2025-12-11 15:45:02,657 [INFO] PluginManage:310 - Check plugin userauth
2025-12-11 15:45:02,663 [INFO] UserAuth:118 - Init User Auth plugin
2025-12-11 15:45:02,665 [INFO] PluginManage:359 - Loaded plugin userauth (category:base,tabindex:14)
2025-12-11 15:45:02,666 [INFO] PluginManage:283 - PluginManage : Loaded plugins [18]
2025-12-11 15:45:03,095 [INFO] PinOutPanel:1589 - setPackage(No Configuration,No Configuration)
2025-12-11 15:45:03,294 [INFO] CADModel:165 - CPN selected for project level
2025-12-11 15:45:03,294 [INFO] CADModel:114 - Register for checkConnection events
2025-12-11 15:45:03,324 [INFO] IPUIPlugin:80 - create IPUIPlugin
2025-12-11 15:45:03,325 [INFO] PluginManager:220 - loadIPPluginJar : add adc
2025-12-11 15:45:03,329 [INFO] IPUIPlugin:80 - create IPUIPlugin
2025-12-11 15:45:03,330 [INFO] PluginManager:220 - loadIPPluginJar : add aes
2025-12-11 15:45:03,334 [INFO] IPUIPlugin:80 - create IPUIPlugin
2025-12-11 15:45:03,335 [INFO] PluginManager:220 - loadIPPluginJar : add can
2025-12-11 15:45:03,338 [INFO] IPUIPlugin:80 - create IPUIPlugin
2025-12-11 15:45:03,338 [INFO] PluginManager:220 - loadIPPluginJar : add comp
2025-12-11 15:45:03,342 [INFO] IPUIPlugin:80 - create IPUIPlugin
2025-12-11 15:45:03,343 [INFO] PluginManager:220 - loadIPPluginJar : add cryp
2025-12-11 15:45:03,348 [INFO] IPUIPlugin:80 - create IPUIPlugin
2025-12-11 15:45:03,348 [INFO] PluginManager:220 - loadIPPluginJar : add ddr_ctrl_phy
2025-12-11 15:45:03,352 [INFO] IPUIPlugin:80 - create IPUIPlugin
2025-12-11 15:45:03,352 [INFO] PluginManager:220 - loadIPPluginJar : add dfsdm
2025-12-11 15:45:03,361 [INFO] IPUIPlugin:80 - create IPUIPlugin
2025-12-11 15:45:03,362 [INFO] PluginManager:220 - loadIPPluginJar : add dma
2025-12-11 15:45:03,367 [INFO] IPUIPlugin:80 - create IPUIPlugin
2025-12-11 15:45:03,367 [INFO] PluginManager:220 - loadIPPluginJar : add dma3
2025-12-11 15:45:03,372 [INFO] IPUIPlugin:80 - create IPUIPlugin
2025-12-11 15:45:03,372 [INFO] PluginManager:220 - loadIPPluginJar : add extmemmanager
2025-12-11 15:45:03,376 [INFO] IPUIPlugin:80 - create IPUIPlugin
2025-12-11 15:45:03,376 [INFO] PluginManager:220 - loadIPPluginJar : add fatfs
2025-12-11 15:45:03,399 [INFO] IPUIPlugin:80 - create IPUIPlugin
2025-12-11 15:45:03,399 [INFO] PluginManager:220 - loadIPPluginJar : add fmc
2025-12-11 15:45:03,410 [INFO] IPUIPlugin:80 - create IPUIPlugin
2025-12-11 15:45:03,411 [INFO] PluginManager:220 - loadIPPluginJar : add freertos
2025-12-11 15:45:03,413 [INFO] IPUIPlugin:80 - create IPUIPlugin
2025-12-11 15:45:03,413 [INFO] PluginManager:220 - loadIPPluginJar : add genericplugin
2025-12-11 15:45:03,417 [INFO] IPUIPlugin:80 - create IPUIPlugin
2025-12-11 15:45:03,418 [INFO] PluginManager:220 - loadIPPluginJar : add gfxmmu
2025-12-11 15:45:03,426 [INFO] IPUIPlugin:80 - create IPUIPlugin
2025-12-11 15:45:03,426 [INFO] PluginManager:220 - loadIPPluginJar : add gic
2025-12-11 15:45:03,433 [INFO] IPUIPlugin:80 - create IPUIPlugin
2025-12-11 15:45:03,433 [INFO] PluginManager:220 - loadIPPluginJar : add gpio
2025-12-11 15:45:03,437 [INFO] IPUIPlugin:80 - create IPUIPlugin
2025-12-11 15:45:03,438 [INFO] PluginManager:220 - loadIPPluginJar : add gtzc
2025-12-11 15:45:03,442 [INFO] IPUIPlugin:80 - create IPUIPlugin
2025-12-11 15:45:03,442 [INFO] PluginManager:220 - loadIPPluginJar : add hash
2025-12-11 15:45:03,448 [INFO] IPUIPlugin:80 - create IPUIPlugin
2025-12-11 15:45:03,448 [INFO] PluginManager:220 - loadIPPluginJar : add i2c
2025-12-11 15:45:03,453 [INFO] IPUIPlugin:80 - create IPUIPlugin
2025-12-11 15:45:03,453 [INFO] PluginManager:220 - loadIPPluginJar : add i2s
2025-12-11 15:45:03,458 [INFO] IPUIPlugin:80 - create IPUIPlugin
2025-12-11 15:45:03,459 [INFO] PluginManager:220 - loadIPPluginJar : add i3c
2025-12-11 15:45:03,464 [INFO] IPUIPlugin:80 - create IPUIPlugin
2025-12-11 15:45:03,465 [INFO] PluginManager:220 - loadIPPluginJar : add ipddr
2025-12-11 15:45:03,476 [INFO] IPUIPlugin:80 - create IPUIPlugin
2025-12-11 15:45:03,476 [INFO] PluginManager:220 - loadIPPluginJar : add linkedlist
2025-12-11 15:45:03,481 [INFO] IPUIPlugin:80 - create IPUIPlugin
2025-12-11 15:45:03,481 [INFO] PluginManager:220 - loadIPPluginJar : add lorawan
2025-12-11 15:45:03,484 [INFO] IPUIPlugin:80 - create IPUIPlugin
2025-12-11 15:45:03,484 [INFO] PluginManager:220 - loadIPPluginJar : add ltdc
2025-12-11 15:45:03,494 [INFO] IPUIPlugin:80 - create IPUIPlugin
2025-12-11 15:45:03,494 [INFO] PluginManager:220 - loadIPPluginJar : add mdma
2025-12-11 15:45:03,500 [INFO] IPUIPlugin:80 - create IPUIPlugin
2025-12-11 15:45:03,500 [INFO] PluginManager:220 - loadIPPluginJar : add nvic
2025-12-11 15:45:03,506 [INFO] IPUIPlugin:80 - create IPUIPlugin
2025-12-11 15:45:03,506 [INFO] PluginManager:220 - loadIPPluginJar : add opamp
2025-12-11 15:45:03,511 [INFO] IPUIPlugin:80 - create IPUIPlugin
2025-12-11 15:45:03,512 [INFO] PluginManager:220 - loadIPPluginJar : add openamp
2025-12-11 15:45:03,518 [INFO] IPUIPlugin:80 - create IPUIPlugin
2025-12-11 15:45:03,518 [INFO] PluginManager:220 - loadIPPluginJar : add pdm2pcm
2025-12-11 15:45:03,528 [INFO] IPUIPlugin:80 - create IPUIPlugin
2025-12-11 15:45:03,532 [INFO] PluginManager:220 - loadIPPluginJar : add plateformsettings
2025-12-11 15:45:03,535 [INFO] IPUIPlugin:80 - create IPUIPlugin
2025-12-11 15:45:03,535 [INFO] PluginManager:220 - loadIPPluginJar : add quadspi
2025-12-11 15:45:03,538 [INFO] IPUIPlugin:80 - create IPUIPlugin
2025-12-11 15:45:03,539 [INFO] PluginManager:220 - loadIPPluginJar : add radio
2025-12-11 15:45:03,546 [INFO] IPUIPlugin:80 - create IPUIPlugin
2025-12-11 15:45:03,546 [INFO] PluginManager:220 - loadIPPluginJar : add resmgrutility
2025-12-11 15:45:03,551 [INFO] IPUIPlugin:80 - create IPUIPlugin
2025-12-11 15:45:03,551 [INFO] PluginManager:220 - loadIPPluginJar : add sai
2025-12-11 15:45:03,556 [INFO] IPUIPlugin:80 - create IPUIPlugin
2025-12-11 15:45:03,556 [INFO] PluginManager:220 - loadIPPluginJar : add spi
2025-12-11 15:45:03,567 [INFO] IPUIPlugin:80 - create IPUIPlugin
2025-12-11 15:45:03,567 [INFO] PluginManager:220 - loadIPPluginJar : add stm32_wpan
2025-12-11 15:45:03,570 [INFO] IPUIPlugin:80 - create IPUIPlugin
2025-12-11 15:45:03,571 [INFO] PluginManager:220 - loadIPPluginJar : add tim
2025-12-11 15:45:03,576 [INFO] IPUIPlugin:80 - create IPUIPlugin
2025-12-11 15:45:03,577 [INFO] PluginManager:220 - loadIPPluginJar : add touchsensing
2025-12-11 15:45:03,580 [INFO] IPUIPlugin:80 - create IPUIPlugin
2025-12-11 15:45:03,580 [INFO] PluginManager:220 - loadIPPluginJar : add tracer_emb
2025-12-11 15:45:03,584 [INFO] IPUIPlugin:80 - create IPUIPlugin
2025-12-11 15:45:03,584 [INFO] PluginManager:220 - loadIPPluginJar : add ts
2025-12-11 15:45:03,587 [INFO] IPUIPlugin:80 - create IPUIPlugin
2025-12-11 15:45:03,587 [INFO] PluginManager:220 - loadIPPluginJar : add tsc
2025-12-11 15:45:03,590 [INFO] IPUIPlugin:80 - create IPUIPlugin
2025-12-11 15:45:03,591 [INFO] PluginManager:220 - loadIPPluginJar : add ucpd
2025-12-11 15:45:03,596 [INFO] IPUIPlugin:80 - create IPUIPlugin
2025-12-11 15:45:03,596 [INFO] PluginManager:220 - loadIPPluginJar : add usart
2025-12-11 15:45:03,602 [INFO] IPUIPlugin:80 - create IPUIPlugin
2025-12-11 15:45:03,602 [INFO] PluginManager:220 - loadIPPluginJar : add usbx
2025-12-11 15:45:03,805 [FATAL] Updater:351 - Updater called before beeing initialized
2025-12-11 15:45:03,849 [INFO] RulesReader:64 - Compatibility file has been processed (302 Rules)
2025-12-11 15:45:03,870 [INFO] RulesReader:64 - Compatibility file has been processed (302 Rules)
2025-12-11 15:45:03,889 [INFO] CADModel:165 - CPN selected for project level
2025-12-11 15:45:03,889 [INFO] CADModel:114 - Register for checkConnection events
2025-12-11 15:45:03,889 [FATAL] Updater:351 - Updater called before beeing initialized
2025-12-11 15:45:03,889 [ERROR] CADModel:125 - Updater not yet initialized, retry later 
2025-12-11 15:45:04,299 [FATAL] Updater:351 - Updater called before beeing initialized
2025-12-11 15:45:04,302 [INFO] CADModel:165 - CPN selected for project level
2025-12-11 15:45:04,303 [INFO] CADModel:114 - Register for checkConnection events
2025-12-11 15:45:04,303 [FATAL] Updater:351 - Updater called before beeing initialized
2025-12-11 15:45:04,303 [ERROR] CADModel:125 - Updater not yet initialized, retry later 
2025-12-11 15:45:04,313 [FATAL] Updater:351 - Updater called before beeing initialized
2025-12-11 15:45:04,630 [FATAL] Updater:351 - Updater called before beeing initialized
2025-12-11 15:45:04,638 [INFO] DbMcusAds:53 - JSON generation date=Tue Jul 08 11:14:23 MSK 2025 (1751962463593)
2025-12-11 15:45:04,638 [FATAL] Updater:351 - Updater called before beeing initialized
2025-12-11 15:45:04,711 [WARN] DetailPanel:346 - Failed to get advertising image, set to default
2025-12-11 15:45:05,232 [FATAL] Updater:351 - Updater called before beeing initialized
2025-12-11 15:45:05,234 [FATAL] Updater:351 - Updater called before beeing initialized
2025-12-11 15:45:05,235 [FATAL] Updater:351 - Updater called before beeing initialized
2025-12-11 15:45:05,235 [WARN] DetailPanel:346 - Failed to get advertising image, set to default
2025-12-11 15:45:05,236 [FATAL] Updater:351 - Updater called before beeing initialized
2025-12-11 15:45:05,308 [INFO] ThirdPartyUpdaterWithRetryManager:70 - Updater plugin not ready yet. [2/15]
2025-12-11 15:45:05,344 [ERROR] Updater:1198 - MainUpdater not yet initialized. External WinMGr cannot be set.
2025-12-11 15:45:05,348 [INFO] Updater:1134 - Updater Version found : 6.14.1
2025-12-11 15:45:05,382 [INFO] ApplicationProperties:184 - Using Application install path: D:\Application\CubeIDE\STM32CubeIDE_1.18.1\STM32CubeIDE\plugins\com.st.stm32cube.common.mx_6.14.1.202504091515
2025-12-11 15:45:05,802 [INFO] MainUpdater:2872 - connection check result : 22
2025-12-11 15:45:05,804 [INFO] MainUpdater:289 - Updater Check For Update Now.
2025-12-11 15:45:05,804 [INFO] MicroXplorer:498 - Change Database Version : DB.6.0.141
2025-12-11 15:45:05,824 [INFO] McuFinderGlobals:63 - Set McuFinder mode to 2 (CubeIDE integrated)
2025-12-11 15:45:05,825 [INFO] UserAuth:171 - activating auth plugin
2025-12-11 15:45:05,831 [INFO] UserAuth:484 - Internet connection configuration mode: 2
2025-12-11 15:45:05,876 [INFO] UserAuth:484 - Internet connection configuration mode: 2
2025-12-11 15:45:06,075 [INFO] CheckServerUpdateThread:120 - End of CheckServer Thread
2025-12-11 15:45:08,749 [WARN] PackLoader:240 - Cannot read IP mode file for STMicroelectronics.FP-SNS-MOTENVWB1.1.4.0
2025-12-11 15:45:08,761 [WARN] PackLoader:240 - Cannot read IP mode file for STMicroelectronics.FP-ATR-ASTRA1.2.0.2
2025-12-11 15:45:08,774 [WARN] PackLoader:240 - Cannot read IP mode file for STMicroelectronics.X-CUBE-SMBUS.2.1.0
2025-12-11 15:45:08,787 [WARN] PackLoader:240 - Cannot read IP mode file for STMicroelectronics.X-CUBE-WB05N.1.1.0
2025-12-11 15:45:08,839 [WARN] PackLoader:240 - Cannot read IP mode file for STMicroelectronics.X-CUBE-AZRTOS-F7.1.1.0
2025-12-11 15:45:08,888 [WARN] PackLoader:240 - Cannot read IP mode file for Infineon.AIROC-Wi-Fi-Bluetooth-STM32.1.7.0
2025-12-11 15:45:08,936 [WARN] PackLoader:240 - Cannot read IP mode file for STMicroelectronics.X-CUBE-AZRTOS-H7.3.4.0
2025-12-11 15:45:08,955 [WARN] PackLoader:240 - Cannot read IP mode file for STMicroelectronics.X-CUBE-DISPLAY.3.0.0
2025-12-11 15:45:08,971 [WARN] PackLoader:240 - Cannot read IP mode file for STMicroelectronics.X-CUBE-NFC10.1.0.0
2025-12-11 15:45:08,989 [WARN] PackLoader:240 - Cannot read IP mode file for STMicroelectronics.X-CUBE-BLEMGR.4.0.0
2025-12-11 15:45:09,000 [WARN] PackLoader:240 - Cannot read IP mode file for STMicroelectronics.X-CUBE-ST60.1.1.0
2025-12-11 15:45:09,011 [WARN] PackLoader:240 - Cannot read IP mode file for emotas.I-CUBE-CANOPEN.1.3.0
2025-12-11 15:45:09,017 [WARN] ConditionMgr:438 - getConditionDescription Invalid condition id : Cortex-A Device cause : null
2025-12-11 15:45:09,042 [WARN] ConditionMgr:1044 - genDependencies : Invalid condition id : Cortex-A Device cause : null
2025-12-11 15:45:09,042 [WARN] ConditionMgr:1044 - genDependencies : Invalid condition id : Cortex-A Device cause : null
2025-12-11 15:45:09,042 [WARN] ConditionMgr:1044 - genDependencies : Invalid condition id : Cortex-A Device cause : null
2025-12-11 15:45:09,049 [WARN] PackLoader:240 - Cannot read IP mode file for STMicroelectronics.X-CUBE-AI.10.0.0
2025-12-11 15:45:09,056 [ERROR] Engine:466 - C:\Users\HP\.stm32cubemx\thirdparties\pdsc\STMicroelectronics.FP-SNS-STBOX1.2.1.0.pdsc: PDSC version is not supported
2025-12-11 15:45:09,062 [WARN] PackLoader:240 - Cannot read IP mode file for STMicroelectronics.FP-SNS-SMARTAG2.1.2.0
2025-12-11 15:45:09,070 [WARN] PackLoader:240 - Cannot read IP mode file for STMicroelectronics.FP-SNS-FLIGHT1.5.1.0
2025-12-11 15:45:09,140 [WARN] PackLoader:240 - Cannot read IP mode file for STMicroelectronics.X-CUBE-MEMS1.11.1.0
2025-12-11 15:45:09,377 [INFO] LogOutputStream:77 - [STDOUT_REDIRECT] 1 : Invalid condition id : UX_CORESTACK_Condition cause : null
2025-12-11 15:45:09,379 [INFO] LogOutputStream:77 - [STDOUT_REDIRECT] 1 : Invalid condition id : UX_CORESTACK_Condition cause : null
2025-12-11 15:45:09,381 [INFO] LogOutputStream:77 - [STDOUT_REDIRECT] 1 : Invalid condition id : UX_CORESTACK_Condition cause : null
2025-12-11 15:45:09,385 [INFO] LogOutputStream:77 - [STDOUT_REDIRECT] 1 : Invalid condition id : UX_CORESTACK_Condition cause : null
2025-12-11 15:45:09,388 [INFO] LogOutputStream:77 - [STDOUT_REDIRECT] 1 : Invalid condition id : UX_CORESTACK_Condition cause : null
2025-12-11 15:45:09,392 [WARN] PackLoader:240 - Cannot read IP mode file for STMicroelectronics.X-CUBE-AZRTOS-WL.2.0.0
2025-12-11 15:45:09,401 [WARN] PackLoader:240 - Cannot read IP mode file for STMicroelectronics.FP-SNS-MOTENV1.5.0.0
2025-12-11 15:45:09,414 [WARN] PackLoader:240 - Cannot read IP mode file for WES.I-CUBE-Cesium.1.3.0
2025-12-11 15:45:09,422 [WARN] PackLoader:240 - Cannot read IP mode file for STMicroelectronics.X-CUBE-BLE2.3.3.0
2025-12-11 15:45:09,432 [WARN] PackLoader:240 - Cannot read IP mode file for STMicroelectronics.X-CUBE-NFC9.1.0.0
2025-12-11 15:45:09,441 [WARN] PackLoader:240 - Cannot read IP mode file for STMicroelectronics.X-CUBE-BLE1.7.1.0
2025-12-11 15:45:09,447 [WARN] PackLoader:240 - Cannot read IP mode file for wolfSSL.I-CUBE-wolfMQTT.1.19.2
2025-12-11 15:45:09,455 [WARN] PackLoader:240 - Cannot read IP mode file for STMicroelectronics.X-CUBE-EEPRMA1.5.2.0
2025-12-11 15:45:09,462 [ERROR] Engine:466 - C:\Users\HP\.stm32cubemx\thirdparties\pdsc\STMicroelectronics.X-CUBE-ST67W61.1.1.0.pdsc: PDSC version is not supported
2025-12-11 15:45:09,526 [WARN] PackLoader:240 - Cannot read IP mode file for STMicroelectronics.X-CUBE-MEMS1.11.2.0
2025-12-11 15:45:09,789 [WARN] PackLoader:240 - Cannot read IP mode file for STMicroelectronics.X-CUBE-AZRTOS-G0.1.1.0
2025-12-11 15:45:09,801 [WARN] PackLoader:240 - Cannot read IP mode file for STMicroelectronics.X-CUBE-SAFEA1.1.2.2
2025-12-11 15:45:09,809 [WARN] PackLoader:240 - Cannot read IP mode file for STMicroelectronics.X-CUBE-NFC4.3.0.0
2025-12-11 15:45:09,821 [WARN] PackLoader:240 - Cannot read IP mode file for EmbeddedOffice.I-CUBE-FS-RTOS.1.0.1
2025-12-11 15:45:09,834 [WARN] PackLoader:240 - Cannot read IP mode file for STMicroelectronics.X-CUBE-WB05N.2.0.0
2025-12-11 15:45:09,841 [WARN] PackLoader:240 - Cannot read IP mode file for wolfSSL.I-CUBE-wolfTPM.3.8.0
2025-12-11 15:45:09,849 [WARN] PackLoader:240 - Cannot read IP mode file for STMicroelectronics.X-CUBE-TCPP.4.2.0
2025-12-11 15:45:09,858 [WARN] PackLoader:240 - Cannot read IP mode file for STMicroelectronics.FP-ATR-SIGFOX1.3.2.0
2025-12-11 15:45:09,865 [WARN] PackLoader:240 - Cannot read IP mode file for STMicroelectronics.X-CUBE-EEPRMA1.5.1.0
2025-12-11 15:45:09,873 [WARN] PackLoader:240 - Cannot read IP mode file for wolfSSL.I-CUBE-wolfSSL.5.7.6
2025-12-11 15:45:09,885 [WARN] PackLoader:240 - Cannot read IP mode file for ITTIA_DB.I-CUBE-ITTIADB.8.9.0
2025-12-11 15:45:09,892 [WARN] PackLoader:240 - Cannot read IP mode file for STMicroelectronics.X-CUBE-AI.10.2.0
2025-12-11 15:45:09,929 [WARN] PackLoader:240 - Cannot read IP mode file for SEGGER.I-CUBE-embOS.1.3.1
2025-12-11 15:45:09,985 [WARN] PackLoader:240 - Cannot read IP mode file for STMicroelectronics.X-CUBE-ALGOBUILD.1.4.0
2025-12-11 15:45:10,051 [WARN] PackLoader:240 - Cannot read IP mode file for STMicroelectronics.X-CUBE-MEMS1.11.3.0
2025-12-11 15:45:10,262 [WARN] PackLoader:240 - Cannot read IP mode file for STMicroelectronics.X-CUBE-PM33A1.1.0.0
2025-12-11 15:45:10,286 [WARN] PackLoader:240 - Cannot read IP mode file for STMicroelectronics.X-CUBE-AZRTOS-F4.1.1.0
2025-12-11 15:45:10,296 [WARN] PackLoader:240 - Cannot read IP mode file for Avnet-IotConnect.X-CUBE-IoTC-DA16k-PMOD.1.0.0
2025-12-11 15:45:10,302 [WARN] PackLoader:240 - Cannot read IP mode file for STMicroelectronics.X-CUBE-ISPU.2.1.0
2025-12-11 15:45:10,311 [ERROR] Engine:466 - C:\Users\HP\.stm32cubemx\thirdparties\pdsc\STMicroelectronics.X-CUBE-IPS.3.2.0.pdsc: PDSC version is not supported
2025-12-11 15:45:10,321 [WARN] PackLoader:240 - Cannot read IP mode file for STMicroelectronics.X-CUBE-NFC12.1.0.0
2025-12-11 15:45:10,347 [WARN] PackLoader:240 - Cannot read IP mode file for STMicroelectronics.X-CUBE-AZRTOS-L5.2.0.0
2025-12-11 15:45:10,362 [WARN] PackLoader:240 - Cannot read IP mode file for STMicroelectronics.X-CUBE-NFC6.3.1.0
2025-12-11 15:45:10,372 [WARN] PackLoader:240 - Cannot read IP mode file for STMicroelectronics.X-CUBE-FREERTOS.1.3.1
2025-12-11 15:45:10,378 [WARN] PackLoader:240 - Cannot read IP mode file for STMicroelectronics.X-CUBE-FREERTOS.1.3.0
2025-12-11 15:45:10,385 [WARN] PackLoader:240 - Cannot read IP mode file for STMicroelectronics.X-CUBE-NFC7.1.0.1
2025-12-11 15:45:10,395 [WARN] PackLoader:240 - Cannot read IP mode file for STMicroelectronics.X-CUBE-TOUCHGFX.4.26.0
2025-12-11 15:45:10,403 [WARN] PackLoader:240 - Cannot read IP mode file for STMicroelectronics.FP-SNS-STAIOTCFT.1.0.0
2025-12-11 15:45:10,412 [WARN] PackLoader:240 - Cannot read IP mode file for STMicroelectronics.X-CUBE-DPower.1.3.0
2025-12-11 15:45:10,433 [WARN] ConditionMgr:438 - getConditionDescription Invalid condition id : LAN8742 Phy interface Condition cause : null
2025-12-11 15:45:10,434 [WARN] PackLoader:240 - Cannot read IP mode file for STMicroelectronics.X-CUBE-AZRTOS-L4.2.0.0
2025-12-11 15:45:10,436 [WARN] ConditionMgr:1044 - genDependencies : Invalid condition id : LAN8742 Phy interface Condition cause : null
2025-12-11 15:45:10,436 [WARN] ConditionMgr:1044 - genDependencies : Invalid condition id : LAN8742 Phy interface Condition cause : null
2025-12-11 15:45:10,437 [WARN] ConditionMgr:1044 - genDependencies : Invalid condition id : LAN8742 Phy interface Condition cause : null
2025-12-11 15:45:10,449 [WARN] PackLoader:240 - Cannot read IP mode file for STMicroelectronics.X-CUBE-SFXS2LP1.4.0.0
2025-12-11 15:45:10,475 [WARN] PackLoader:240 - Cannot read IP mode file for STMicroelectronics.X-CUBE-AZRTOS-H7.3.3.0
2025-12-11 15:45:10,490 [WARN] PackLoader:240 - Cannot read IP mode file for STMicroelectronics.X-CUBE-BLEMGR.4.1.0
2025-12-11 15:45:10,513 [WARN] ConditionMgr:438 - getConditionDescription Invalid condition id : UX DEVICE CLASS RTOS Condition cause : null
2025-12-11 15:45:10,514 [WARN] ConditionMgr:438 - getConditionDescription Invalid condition id : UX DEVICE CLASS RTOS Condition cause : null
2025-12-11 15:45:10,516 [WARN] PackLoader:240 - Cannot read IP mode file for STMicroelectronics.X-CUBE-AZRTOS-WB.2.0.0
2025-12-11 15:45:10,517 [WARN] ConditionMgr:1044 - genDependencies : Invalid condition id : UX DEVICE CLASS RTOS Condition cause : null
2025-12-11 15:45:10,517 [WARN] ConditionMgr:1044 - genDependencies : Invalid condition id : UX DEVICE CLASS RTOS Condition cause : null
2025-12-11 15:45:10,518 [WARN] ConditionMgr:1044 - genDependencies : Invalid condition id : UX DEVICE CLASS RTOS Condition cause : null
2025-12-11 15:45:10,519 [WARN] ConditionMgr:1044 - genDependencies : Invalid condition id : UX DEVICE CLASS RTOS Condition cause : null
2025-12-11 15:45:10,519 [WARN] ConditionMgr:1044 - genDependencies : Invalid condition id : UX DEVICE CLASS RTOS Condition cause : null
2025-12-11 15:45:10,528 [WARN] PackLoader:240 - Cannot read IP mode file for STMicroelectronics.X-CUBE-GNSS1.7.0.1
2025-12-11 15:45:10,533 [WARN] PackLoader:240 - Cannot read IP mode file for STMicroelectronics.X-CUBE-TOUCHGFX.4.25.0
2025-12-11 15:45:10,541 [WARN] PackLoader:240 - Cannot read IP mode file for STMicroelectronics.FP-SNS-STBOX1.2.0.0
2025-12-11 15:45:10,557 [WARN] PackLoader:240 - Cannot read IP mode file for STMicroelectronics.X-CUBE-SUBG2.5.0.0
2025-12-11 15:45:10,588 [WARN] PackLoader:240 - Cannot read IP mode file for STMicroelectronics.X-CUBE-AZRTOS-H7RS.1.1.0
2025-12-11 15:45:10,597 [WARN] PackLoader:240 - Cannot read IP mode file for Cesanta.I-CUBE-Mongoose.7.13.0
2025-12-11 15:45:10,612 [WARN] PackLoader:240 - Cannot read IP mode file for STMicroelectronics.X-CUBE-AZRTOS-G4.2.0.0
2025-12-11 15:45:10,620 [WARN] PackLoader:240 - Cannot read IP mode file for wolfSSL.I-CUBE-wolfSSH.1.4.20
2025-12-11 15:45:10,633 [WARN] PackLoader:240 - Cannot read IP mode file for STMicroelectronics.X-CUBE-NFC7.2.0.0
2025-12-11 15:45:10,652 [WARN] PackLoader:240 - Cannot read IP mode file for STMicroelectronics.X-CUBE-IPS.3.1.0
2025-12-11 15:45:10,667 [WARN] PackLoader:240 - Cannot read IP mode file for STMicroelectronics.X-CUBE-ALS.1.0.2
2025-12-11 15:45:10,680 [WARN] PackLoader:240 - Cannot read IP mode file for STMicroelectronics.X-CUBE-STSE01.1.0.0
2025-12-11 15:45:10,688 [WARN] PackLoader:240 - Cannot read IP mode file for portGmbH.I-Cube-SoM-uGOAL.1.1.0
2025-12-11 15:45:10,704 [WARN] PackLoader:240 - Cannot read IP mode file for STMicroelectronics.X-CUBE-TOF1.3.4.2
2025-12-11 15:45:10,734 [WARN] PackLoader:240 - Cannot read IP mode file for STMicroelectronics.X-CUBE-TOF1.3.4.3
2025-12-11 15:45:10,767 [INFO] ThirdParty:978 - Integrity check success = true
2025-12-11 15:45:10,767 [INFO] IntegrityCheckThread:100 - exiting critical section [integrity check]
2025-12-11 15:45:10,767 [INFO] IntegrityCheckThread:103 - End integrity checks thread
2025-12-11 15:45:29,463 [ERROR] ConfigurationRetriever:142 - IOException on connection: sw-center.st.com
2025-12-11 15:45:29,464 [ERROR] ConfigurationRetriever:142 - IOException on connection: sw-center.st.com
2025-12-11 15:45:29,465 [ERROR] ConfigurationRetriever:142 - IOException on connection: sw-center.st.com
2025-12-11 16:10:16,877 [ERROR] ConfigurationRetriever:142 - IOException on connection: Read timed out
